Symlinking /home/dronesteam/ws_caric/devel/share/common-lisp/ros/caric_mission/srv/_package.lisp
Symlinking /home/dronesteam/ws_caric/devel/share/common-lisp/ros/caric_mission/srv/caric_mission-srv.asd
Symlinking /home/dronesteam/ws_caric/devel/share/common-lisp/ros/caric_mission/srv/_package_CreatePPComTopic.lisp
Symlinking /home/dronesteam/ws_caric/devel/share/common-lisp/ros/caric_mission/srv/CreatePPComTopic.lisp
Symlinking /home/dronesteam/ws_caric/devel/share/roseus/ros/caric_mission/manifest.l
Symlinking /home/dronesteam/ws_caric/devel/share/roseus/ros/caric_mission/srv/CreatePPComTopic.l
Symlinking /home/dronesteam/ws_caric/devel/share/gennodejs/ros/caric_mission/_index.js
Symlinking /home/dronesteam/ws_caric/devel/share/gennodejs/ros/caric_mission/srv/CreatePPComTopic.js
Symlinking /home/dronesteam/ws_caric/devel/share/gennodejs/ros/caric_mission/srv/_index.js
Symlinking /home/dronesteam/ws_caric/devel/share/caric_mission/cmake/caric_missionConfig-version.cmake
Symlinking /home/dronesteam/ws_caric/devel/share/caric_mission/cmake/caric_mission-msg-paths.cmake
Symlinking /home/dronesteam/ws_caric/devel/share/caric_mission/cmake/caric_missionConfig.cmake
Symlinking /home/dronesteam/ws_caric/devel/share/caric_mission/cmake/caric_mission-msg-extras.cmake
Symlinking /home/dronesteam/ws_caric/devel/lib/pkgconfig/caric_mission.pc
Symlinking /home/dronesteam/ws_caric/devel/lib/python3/dist-packages/caric_mission/__init__.py
Symlinking /home/dronesteam/ws_caric/devel/lib/python3/dist-packages/caric_mission/srv/__init__.py
Symlinking /home/dronesteam/ws_caric/devel/lib/python3/dist-packages/caric_mission/srv/_CreatePPComTopic.py
Symlinking /home/dronesteam/ws_caric/devel/lib/caric_mission/ppcom_router.py
Symlinking /home/dronesteam/ws_caric/devel/lib/caric_mission/ppcom_sentosa_talker.py
Symlinking /home/dronesteam/ws_caric/devel/lib/caric_mission/caric_mission_mission_manager_node
Symlinking /home/dronesteam/ws_caric/devel/lib/caric_mission/cmake.lock
Symlinking /home/dronesteam/ws_caric/devel/lib/caric_mission/ppcom_nanyang_talker.py
Symlinking /home/dronesteam/ws_caric/devel/lib/caric_mission/ppcom_changi_talker.py
Symlinking /home/dronesteam/ws_caric/devel/lib/caric_mission/ppcom_raffles_talker.py
Symlinking /home/dronesteam/ws_caric/devel/lib/caric_mission/odom2tf.py
Symlinking /home/dronesteam/ws_caric/devel/lib/caric_mission/ppcom_jurong_talker.py
Symlinking /home/dronesteam/ws_caric/devel/include/caric_mission/CreatePPComTopicResponse.h
Symlinking /home/dronesteam/ws_caric/devel/include/caric_mission/CreatePPComTopicRequest.h
Symlinking /home/dronesteam/ws_caric/devel/include/caric_mission/CreatePPComTopic.h
