In file included from [01m[K/usr/include/boost/preprocessor/tuple/elem.hpp:23[m[K,
                 from [01m[K/usr/include/boost/preprocessor/array/data.hpp:16[m[K,
                 from [01m[K/usr/include/boost/preprocessor/array/elem.hpp:15[m[K,
                 from [01m[K/usr/include/boost/preprocessor/iteration/iterate.hpp:17[m[K,
                 from [01m[K/usr/include/boost/preprocessor/iterate.hpp:15[m[K,
                 from [01m[K/usr/include/boost/function.hpp:25[m[K,
                 from [01m[K/usr/include/gazebo-11/gazebo/transport/CallbackHelper.hh:21[m[K,
                 from [01m[K/usr/include/gazebo-11/gazebo/transport/transport.hh:2[m[K,
                 from [01m[K/home/dronesteam/ws_caric/src/caric_mission/src/MissionManager.cpp:26[m[K:
[01m[K/home/dronesteam/ws_caric/src/caric_mission/include/utility.h:132:35:[m[K [01;35m[Kwarning: [m[K‘[01m[Kusing uint32_t = uint32_t[m[K’ is deprecated: use std::uint32_t instead of pcl::uint32_t [[01;35m[K-Wdeprecated-declarations[m[K]
  132 |                                  ([01;35m[Kuint32_t[m[K, t, t)
      |                                   [01;35m[K^~~~~~~~[m[K
In file included from [01m[K/usr/include/pcl-1.10/pcl/io/pcd_io.h:42[m[K,
                 from [01m[K/home/dronesteam/ws_caric/src/caric_mission/src/MissionManager.cpp:47[m[K:
[01m[K/usr/include/pcl-1.10/pcl/pcl_macros.h:96:9:[m[K [01;36m[Knote: [m[Kdeclared here
   96 |   using [01;36m[Kuint32_t[m[K [[deprecated("use std::uint32_t instead of pcl::uint32_t")]] = std::uint32_t;
      |         [01;36m[K^~~~~~~~[m[K
In file included from [01m[K/usr/include/boost/preprocessor/tuple/elem.hpp:23[m[K,
                 from [01m[K/usr/include/boost/preprocessor/array/data.hpp:16[m[K,
                 from [01m[K/usr/include/boost/preprocessor/array/elem.hpp:15[m[K,
                 from [01m[K/usr/include/boost/preprocessor/iteration/iterate.hpp:17[m[K,
                 from [01m[K/usr/include/boost/preprocessor/iterate.hpp:15[m[K,
                 from [01m[K/usr/include/boost/function.hpp:25[m[K,
                 from [01m[K/usr/include/gazebo-11/gazebo/transport/CallbackHelper.hh:21[m[K,
                 from [01m[K/usr/include/gazebo-11/gazebo/transport/transport.hh:2[m[K,
                 from [01m[K/home/dronesteam/ws_caric/src/caric_mission/src/MissionManager.cpp:26[m[K:
[01m[K/home/dronesteam/ws_caric/src/caric_mission/include/utility.h:133:35:[m[K [01;35m[Kwarning: [m[K‘[01m[Kusing uint16_t = uint16_t[m[K’ is deprecated: use std::uint16_t instead of pcl::uint16_t [[01;35m[K-Wdeprecated-declarations[m[K]
  133 |                                  ([01;35m[Kuint16_t[m[K, reflectivity, reflectivity)
      |                                   [01;35m[K^~~~~~~~[m[K
In file included from [01m[K/usr/include/pcl-1.10/pcl/io/pcd_io.h:42[m[K,
                 from [01m[K/home/dronesteam/ws_caric/src/caric_mission/src/MissionManager.cpp:47[m[K:
[01m[K/usr/include/pcl-1.10/pcl/pcl_macros.h:94:9:[m[K [01;36m[Knote: [m[Kdeclared here
   94 |   using [01;36m[Kuint16_t[m[K [[deprecated("use std::uint16_t instead of pcl::uint16_t")]] = std::uint16_t;
      |         [01;36m[K^~~~~~~~[m[K
In file included from [01m[K/usr/include/boost/preprocessor/tuple/elem.hpp:23[m[K,
                 from [01m[K/usr/include/boost/preprocessor/array/data.hpp:16[m[K,
                 from [01m[K/usr/include/boost/preprocessor/array/elem.hpp:15[m[K,
                 from [01m[K/usr/include/boost/preprocessor/iteration/iterate.hpp:17[m[K,
                 from [01m[K/usr/include/boost/preprocessor/iterate.hpp:15[m[K,
                 from [01m[K/usr/include/boost/function.hpp:25[m[K,
                 from [01m[K/usr/include/gazebo-11/gazebo/transport/CallbackHelper.hh:21[m[K,
                 from [01m[K/usr/include/gazebo-11/gazebo/transport/transport.hh:2[m[K,
                 from [01m[K/home/dronesteam/ws_caric/src/caric_mission/src/MissionManager.cpp:26[m[K:
[01m[K/home/dronesteam/ws_caric/src/caric_mission/include/utility.h:134:35:[m[K [01;35m[Kwarning: [m[K‘[01m[Kusing uint8_t = uint8_t[m[K’ is deprecated: use std::uint8_t instead of pcl::uint8_t [[01;35m[K-Wdeprecated-declarations[m[K]
  134 |                                  ([01;35m[Kuint8_t[m[K,  ring, ring)
      |                                   [01;35m[K^~~~~~~[m[K
In file included from [01m[K/usr/include/pcl-1.10/pcl/io/pcd_io.h:42[m[K,
                 from [01m[K/home/dronesteam/ws_caric/src/caric_mission/src/MissionManager.cpp:47[m[K:
[01m[K/usr/include/pcl-1.10/pcl/pcl_macros.h:92:9:[m[K [01;36m[Knote: [m[Kdeclared here
   92 |   using [01;36m[Kuint8_t[m[K [[deprecated("use std::uint8_t instead of pcl::uint8_t")]] = std::uint8_t;
      |         [01;36m[K^~~~~~~[m[K
In file included from [01m[K/usr/include/boost/preprocessor/tuple/elem.hpp:23[m[K,
                 from [01m[K/usr/include/boost/preprocessor/array/data.hpp:16[m[K,
                 from [01m[K/usr/include/boost/preprocessor/array/elem.hpp:15[m[K,
                 from [01m[K/usr/include/boost/preprocessor/iteration/iterate.hpp:17[m[K,
                 from [01m[K/usr/include/boost/preprocessor/iterate.hpp:15[m[K,
                 from [01m[K/usr/include/boost/function.hpp:25[m[K,
                 from [01m[K/usr/include/gazebo-11/gazebo/transport/CallbackHelper.hh:21[m[K,
                 from [01m[K/usr/include/gazebo-11/gazebo/transport/transport.hh:2[m[K,
                 from [01m[K/home/dronesteam/ws_caric/src/caric_mission/src/MissionManager.cpp:26[m[K:
[01m[K/home/dronesteam/ws_caric/src/caric_mission/include/utility.h:136:35:[m[K [01;35m[Kwarning: [m[K‘[01m[Kusing uint32_t = uint32_t[m[K’ is deprecated: use std::uint32_t instead of pcl::uint32_t [[01;35m[K-Wdeprecated-declarations[m[K]
  136 |                                  ([01;35m[Kuint32_t[m[K, range, range))
      |                                   [01;35m[K^~~~~~~~[m[K
In file included from [01m[K/usr/include/pcl-1.10/pcl/io/pcd_io.h:42[m[K,
                 from [01m[K/home/dronesteam/ws_caric/src/caric_mission/src/MissionManager.cpp:47[m[K:
[01m[K/usr/include/pcl-1.10/pcl/pcl_macros.h:96:9:[m[K [01;36m[Knote: [m[Kdeclared here
   96 |   using [01;36m[Kuint32_t[m[K [[deprecated("use std::uint32_t instead of pcl::uint32_t")]] = std::uint32_t;
      |         [01;36m[K^~~~~~~~[m[K
In file included from [01m[K/usr/include/boost/preprocessor/tuple/elem.hpp:23[m[K,
                 from [01m[K/usr/include/boost/preprocessor/array/data.hpp:16[m[K,
                 from [01m[K/usr/include/boost/preprocessor/array/elem.hpp:15[m[K,
                 from [01m[K/usr/include/boost/preprocessor/iteration/iterate.hpp:17[m[K,
                 from [01m[K/usr/include/boost/preprocessor/iterate.hpp:15[m[K,
                 from [01m[K/usr/include/boost/function.hpp:25[m[K,
                 from [01m[K/usr/include/gazebo-11/gazebo/transport/CallbackHelper.hh:21[m[K,
                 from [01m[K/usr/include/gazebo-11/gazebo/transport/transport.hh:2[m[K,
                 from [01m[K/home/dronesteam/ws_caric/src/caric_mission/src/MissionManager.cpp:26[m[K:
[01m[K/home/dronesteam/ws_caric/src/caric_mission/include/utility.h:149:36:[m[K [01;35m[Kwarning: [m[K‘[01m[Kusing uint16_t = uint16_t[m[K’ is deprecated: use std::uint16_t instead of pcl::uint16_t [[01;35m[K-Wdeprecated-declarations[m[K]
  149 |                                   ([01;35m[Kuint16_t[m[K, ring, ring)
      |                                    [01;35m[K^~~~~~~~[m[K
In file included from [01m[K/usr/include/pcl-1.10/pcl/io/pcd_io.h:42[m[K,
                 from [01m[K/home/dronesteam/ws_caric/src/caric_mission/src/MissionManager.cpp:47[m[K:
[01m[K/usr/include/pcl-1.10/pcl/pcl_macros.h:94:9:[m[K [01;36m[Knote: [m[Kdeclared here
   94 |   using [01;36m[Kuint16_t[m[K [[deprecated("use std::uint16_t instead of pcl::uint16_t")]] = std::uint16_t;
      |         [01;36m[K^~~~~~~~[m[K
In file included from [01m[K/usr/include/boost/preprocessor/tuple/elem.hpp:23[m[K,
                 from [01m[K/usr/include/boost/preprocessor/array/data.hpp:16[m[K,
                 from [01m[K/usr/include/boost/preprocessor/array/elem.hpp:15[m[K,
                 from [01m[K/usr/include/boost/preprocessor/iteration/iterate.hpp:17[m[K,
                 from [01m[K/usr/include/boost/preprocessor/iterate.hpp:15[m[K,
                 from [01m[K/usr/include/boost/function.hpp:25[m[K,
                 from [01m[K/usr/include/gazebo-11/gazebo/transport/CallbackHelper.hh:21[m[K,
                 from [01m[K/usr/include/gazebo-11/gazebo/transport/transport.hh:2[m[K,
                 from [01m[K/home/dronesteam/ws_caric/src/caric_mission/src/MissionManager.cpp:26[m[K:
[01m[K/home/dronesteam/ws_caric/src/caric_mission/include/utility.h:164:35:[m[K [01;35m[Kwarning: [m[K‘[01m[Kusing uint16_t = uint16_t[m[K’ is deprecated: use std::uint16_t instead of pcl::uint16_t [[01;35m[K-Wdeprecated-declarations[m[K]
  164 |                                  ([01;35m[Kuint16_t[m[K, ring, ring))
      |                                   [01;35m[K^~~~~~~~[m[K
In file included from [01m[K/usr/include/pcl-1.10/pcl/io/pcd_io.h:42[m[K,
                 from [01m[K/home/dronesteam/ws_caric/src/caric_mission/src/MissionManager.cpp:47[m[K:
[01m[K/usr/include/pcl-1.10/pcl/pcl_macros.h:94:9:[m[K [01;36m[Knote: [m[Kdeclared here
   94 |   using [01;36m[Kuint16_t[m[K [[deprecated("use std::uint16_t instead of pcl::uint16_t")]] = std::uint16_t;
      |         [01;36m[K^~~~~~~~[m[K
[01m[K/home/dronesteam/ws_caric/src/caric_mission/src/MissionManager.cpp:[m[K In function ‘[01m[Kvoid ServoCloudCallback(const OdomMsgPtr&, const CloudMsgPtr&, int)[m[K’:
[01m[K/home/dronesteam/ws_caric/src/caric_mission/src/MissionManager.cpp:291:26:[m[K [01;35m[Kwarning: [m[Kcomparison of integer expressions of different signedness: ‘[01m[Kint[m[K’ and ‘[01m[Kstd::vector<int>::size_type[m[K’ {aka ‘[01m[Klong unsigned int[m[K’} [[01;35m[K-Wsign-compare[m[K]
  291 |         for(int i = 0; [01;35m[Ki < knn_idx.size()[m[K; i++)
      |                        [01;35m[K~~^~~~~~~~~~~~~~~~[m[K
In file included from [01m[K/usr/include/boost/assert.hpp:58[m[K,
                 from [01m[K/usr/include/boost/graph/two_bit_color_map.hpp:21[m[K,
                 from [01m[K/usr/include/boost/graph/breadth_first_search.hpp:26[m[K,
                 from [01m[K/usr/include/boost/graph/dijkstra_shortest_paths.hpp:21[m[K,
                 from [01m[K/usr/include/pcl-1.10/pcl/registration/boost.h:48[m[K,
                 from [01m[K/usr/include/pcl-1.10/pcl/registration/registration.h:48[m[K,
                 from [01m[K/usr/include/pcl-1.10/pcl/registration/icp.h:47[m[K,
                 from [01m[K/home/dronesteam/ws_caric/src/caric_mission/include/utility.h:76[m[K,
                 from [01m[K/home/dronesteam/ws_caric/src/caric_mission/src/MissionManager.cpp:55[m[K:
[01m[K/home/dronesteam/ws_caric/src/caric_mission/src/MissionManager.cpp:[m[K In function ‘[01m[Kvoid PPComCallback(const ConstPtr&)[m[K’:
[01m[K/home/dronesteam/ws_caric/src/caric_mission/src/MissionManager.cpp:372:28:[m[K [01;35m[Kwarning: [m[Kcomparison of integer expressions of different signedness: ‘[01m[Kstd::vector<nav_msgs::Odometry_<std::allocator<void> > >::size_type[m[K’ {aka ‘[01m[Klong unsigned int[m[K’} and ‘[01m[Kint[m[K’ [[01;35m[K-Wsign-compare[m[K]
  372 |     assert([01;35m[KnodeOdom.size() == Nnodes[m[K);
      |            [01;35m[K~~~~~~~~~~~~~~~~^~~~~~~~~[m[K
[01m[K/home/dronesteam/ws_caric/src/caric_mission/src/MissionManager.cpp:[m[K In function ‘[01m[Kvoid WriteScoreLog()[m[K’:
[01m[K/home/dronesteam/ws_caric/src/caric_mission/src/MissionManager.cpp:580:22:[m[K [01;35m[Kwarning: [m[Kcomparison of integer expressions of different signedness: ‘[01m[Kint[m[K’ and ‘[01m[Kstd::vector<geometry_msgs::Point32_<std::allocator<void> >, std::allocator<geometry_msgs::Point32_<std::allocator<void> > > >::size_type[m[K’ {aka ‘[01m[Klong unsigned int[m[K’} [[01;35m[K-Wsign-compare[m[K]
  580 |     for(int i = 0; [01;35m[Ki < scoreMsg.points.size()[m[K; i++)
      |                    [01;35m[K~~^~~~~~~~~~~~~~~~~~~~~~~~[m[K
