Linked: (/home/dronesteam/ws_caric/devel/.private/rotors_gazebo_plugins/share/rotors_gazebo_plugins/cmake/rotors_gazebo_pluginsConfig.cmake, /home/dronesteam/ws_caric/devel/share/rotors_gazebo_plugins/cmake/rotors_gazebo_pluginsConfig.cmake)
Linked: (/home/dronesteam/ws_caric/devel/.private/rotors_gazebo_plugins/share/rotors_gazebo_plugins/cmake/rotors_gazebo_pluginsConfig-version.cmake, /home/dronesteam/ws_caric/devel/share/rotors_gazebo_plugins/cmake/rotors_gazebo_pluginsConfig-version.cmake)
Linked: (/home/dronesteam/ws_caric/devel/.private/rotors_gazebo_plugins/lib/librotors_gazebo_ros_interface_plugin.so, /home/dronesteam/ws_caric/devel/lib/librotors_gazebo_ros_interface_plugin.so)
Linked: (/home/dronesteam/ws_caric/devel/.private/rotors_gazebo_plugins/lib/libLiftDragPlugin.so, /home/dronesteam/ws_caric/devel/lib/libLiftDragPlugin.so)
Linked: (/home/dronesteam/ws_caric/devel/.private/rotors_gazebo_plugins/lib/librotors_gazebo_odometry_plugin.so, /home/dronesteam/ws_caric/devel/lib/librotors_gazebo_odometry_plugin.so)
Linked: (/home/dronesteam/ws_caric/devel/.private/rotors_gazebo_plugins/lib/librotors_gazebo_wind_plugin.so, /home/dronesteam/ws_caric/devel/lib/librotors_gazebo_wind_plugin.so)
Linked: (/home/dronesteam/ws_caric/devel/.private/rotors_gazebo_plugins/lib/librotors_gazebo_ppcom_plugin.so, /home/dronesteam/ws_caric/devel/lib/librotors_gazebo_ppcom_plugin.so)
Linked: (/home/dronesteam/ws_caric/devel/.private/rotors_gazebo_plugins/lib/librotors_gazebo_motor_model.so, /home/dronesteam/ws_caric/devel/lib/librotors_gazebo_motor_model.so)
Linked: (/home/dronesteam/ws_caric/devel/.private/rotors_gazebo_plugins/lib/librotors_gazebo_octomap_plugin.so, /home/dronesteam/ws_caric/devel/lib/librotors_gazebo_octomap_plugin.so)
Linked: (/home/dronesteam/ws_caric/devel/.private/rotors_gazebo_plugins/lib/librotors_gazebo_multirotor_base_plugin.so, /home/dronesteam/ws_caric/devel/lib/librotors_gazebo_multirotor_base_plugin.so)
Linked: (/home/dronesteam/ws_caric/devel/.private/rotors_gazebo_plugins/lib/librotors_gazebo_controller_interface.so, /home/dronesteam/ws_caric/devel/lib/librotors_gazebo_controller_interface.so)
Linked: (/home/dronesteam/ws_caric/devel/.private/rotors_gazebo_plugins/lib/librotors_gazebo_lidar_plugin.so, /home/dronesteam/ws_caric/devel/lib/librotors_gazebo_lidar_plugin.so)
Linked: (/home/dronesteam/ws_caric/devel/.private/rotors_gazebo_plugins/lib/libgazebo_geotagged_images_plugin.so, /home/dronesteam/ws_caric/devel/lib/libgazebo_geotagged_images_plugin.so)
Linked: (/home/dronesteam/ws_caric/devel/.private/rotors_gazebo_plugins/lib/librotors_gazebo_pressure_plugin.so, /home/dronesteam/ws_caric/devel/lib/librotors_gazebo_pressure_plugin.so)
Linked: (/home/dronesteam/ws_caric/devel/.private/rotors_gazebo_plugins/lib/librotors_gazebo_servo_model.so, /home/dronesteam/ws_caric/devel/lib/librotors_gazebo_servo_model.so)
Linked: (/home/dronesteam/ws_caric/devel/.private/rotors_gazebo_plugins/lib/librotors_gazebo_imu_plugin.so, /home/dronesteam/ws_caric/devel/lib/librotors_gazebo_imu_plugin.so)
Linked: (/home/dronesteam/ws_caric/devel/.private/rotors_gazebo_plugins/lib/librotors_gazebo_fw_dynamics_plugin.so, /home/dronesteam/ws_caric/devel/lib/librotors_gazebo_fw_dynamics_plugin.so)
Linked: (/home/dronesteam/ws_caric/devel/.private/rotors_gazebo_plugins/lib/librotors_gazebo_gps_plugin.so, /home/dronesteam/ws_caric/devel/lib/librotors_gazebo_gps_plugin.so)
Linked: (/home/dronesteam/ws_caric/devel/.private/rotors_gazebo_plugins/lib/librotors_gazebo_magnetometer_plugin.so, /home/dronesteam/ws_caric/devel/lib/librotors_gazebo_magnetometer_plugin.so)
Linked: (/home/dronesteam/ws_caric/devel/.private/rotors_gazebo_plugins/lib/librotors_gazebo_bag_plugin.so, /home/dronesteam/ws_caric/devel/lib/librotors_gazebo_bag_plugin.so)
Linked: (/home/dronesteam/ws_caric/devel/.private/rotors_gazebo_plugins/lib/pkgconfig/rotors_gazebo_plugins.pc, /home/dronesteam/ws_caric/devel/lib/pkgconfig/rotors_gazebo_plugins.pc)
