Symlinking /home/dronesteam/ws_droneSchool/devel/share/rotors_gazebo_plugins/cmake/rotors_gazebo_pluginsConfig.cmake
Symlinking /home/dronesteam/ws_droneSchool/devel/share/rotors_gazebo_plugins/cmake/rotors_gazebo_pluginsConfig-version.cmake
Symlinking /home/dronesteam/ws_droneSchool/devel/lib/librotors_gazebo_ros_interface_plugin.so
Symlinking /home/dronesteam/ws_droneSchool/devel/lib/libLiftDragPlugin.so
Symlinking /home/dronesteam/ws_droneSchool/devel/lib/librotors_gazebo_odometry_plugin.so
Symlinking /home/dronesteam/ws_droneSchool/devel/lib/librotors_gazebo_wind_plugin.so
Symlinking /home/dronesteam/ws_droneSchool/devel/lib/librotors_gazebo_ppcom_plugin.so
Symlinking /home/dronesteam/ws_droneSchool/devel/lib/librotors_gazebo_motor_model.so
Symlinking /home/dronesteam/ws_droneSchool/devel/lib/librotors_gazebo_octomap_plugin.so
Symlinking /home/dronesteam/ws_droneSchool/devel/lib/librotors_gazebo_multirotor_base_plugin.so
Symlinking /home/dronesteam/ws_droneSchool/devel/lib/librotors_gazebo_controller_interface.so
Symlinking /home/dronesteam/ws_droneSchool/devel/lib/librotors_gazebo_lidar_plugin.so
Symlinking /home/dronesteam/ws_droneSchool/devel/lib/libgazebo_geotagged_images_plugin.so
Symlinking /home/dronesteam/ws_droneSchool/devel/lib/librotors_gazebo_pressure_plugin.so
Symlinking /home/dronesteam/ws_droneSchool/devel/lib/librotors_gazebo_servo_model.so
Symlinking /home/dronesteam/ws_droneSchool/devel/lib/librotors_gazebo_imu_plugin.so
Symlinking /home/dronesteam/ws_droneSchool/devel/lib/librotors_gazebo_fw_dynamics_plugin.so
Symlinking /home/dronesteam/ws_droneSchool/devel/lib/librotors_gazebo_gps_plugin.so
Symlinking /home/dronesteam/ws_droneSchool/devel/lib/librotors_gazebo_magnetometer_plugin.so
Symlinking /home/dronesteam/ws_droneSchool/devel/lib/librotors_gazebo_bag_plugin.so
Symlinking /home/dronesteam/ws_droneSchool/devel/lib/pkgconfig/rotors_gazebo_plugins.pc
Cleaning: (/home/dronesteam/ws_caric/devel/.private/rotors_gazebo_plugins/cmake.lock, /home/dronesteam/ws_caric/devel/./cmake.lock)
Cleaning: (/home/dronesteam/ws_caric/devel/.private/rotors_gazebo_plugins/share/rotors_gazebo_plugins/cmake/rotors_gazebo_pluginsConfig.cmake, /home/dronesteam/ws_caric/devel/share/rotors_gazebo_plugins/cmake/rotors_gazebo_pluginsConfig.cmake)
Cleaning: (/home/dronesteam/ws_caric/devel/.private/rotors_gazebo_plugins/share/rotors_gazebo_plugins/cmake/rotors_gazebo_pluginsConfig-version.cmake, /home/dronesteam/ws_caric/devel/share/rotors_gazebo_plugins/cmake/rotors_gazebo_pluginsConfig-version.cmake)
Cleaning: (/home/dronesteam/ws_caric/devel/.private/rotors_gazebo_plugins/lib/librotors_gazebo_ros_interface_plugin.so, /home/dronesteam/ws_caric/devel/lib/librotors_gazebo_ros_interface_plugin.so)
Cleaning: (/home/dronesteam/ws_caric/devel/.private/rotors_gazebo_plugins/lib/libLiftDragPlugin.so, /home/dronesteam/ws_caric/devel/lib/libLiftDragPlugin.so)
Cleaning: (/home/dronesteam/ws_caric/devel/.private/rotors_gazebo_plugins/lib/librotors_gazebo_odometry_plugin.so, /home/dronesteam/ws_caric/devel/lib/librotors_gazebo_odometry_plugin.so)
Cleaning: (/home/dronesteam/ws_caric/devel/.private/rotors_gazebo_plugins/lib/librotors_gazebo_wind_plugin.so, /home/dronesteam/ws_caric/devel/lib/librotors_gazebo_wind_plugin.so)
Cleaning: (/home/dronesteam/ws_caric/devel/.private/rotors_gazebo_plugins/lib/librotors_gazebo_ppcom_plugin.so, /home/dronesteam/ws_caric/devel/lib/librotors_gazebo_ppcom_plugin.so)
Cleaning: (/home/dronesteam/ws_caric/devel/.private/rotors_gazebo_plugins/lib/librotors_gazebo_motor_model.so, /home/dronesteam/ws_caric/devel/lib/librotors_gazebo_motor_model.so)
Cleaning: (/home/dronesteam/ws_caric/devel/.private/rotors_gazebo_plugins/lib/librotors_gazebo_octomap_plugin.so, /home/dronesteam/ws_caric/devel/lib/librotors_gazebo_octomap_plugin.so)
Cleaning: (/home/dronesteam/ws_caric/devel/.private/rotors_gazebo_plugins/lib/librotors_gazebo_multirotor_base_plugin.so, /home/dronesteam/ws_caric/devel/lib/librotors_gazebo_multirotor_base_plugin.so)
Cleaning: (/home/dronesteam/ws_caric/devel/.private/rotors_gazebo_plugins/lib/librotors_gazebo_controller_interface.so, /home/dronesteam/ws_caric/devel/lib/librotors_gazebo_controller_interface.so)
Cleaning: (/home/dronesteam/ws_caric/devel/.private/rotors_gazebo_plugins/lib/librotors_gazebo_lidar_plugin.so, /home/dronesteam/ws_caric/devel/lib/librotors_gazebo_lidar_plugin.so)
Cleaning: (/home/dronesteam/ws_caric/devel/.private/rotors_gazebo_plugins/lib/libgazebo_geotagged_images_plugin.so, /home/dronesteam/ws_caric/devel/lib/libgazebo_geotagged_images_plugin.so)
Cleaning: (/home/dronesteam/ws_caric/devel/.private/rotors_gazebo_plugins/lib/librotors_gazebo_pressure_plugin.so, /home/dronesteam/ws_caric/devel/lib/librotors_gazebo_pressure_plugin.so)
Cleaning: (/home/dronesteam/ws_caric/devel/.private/rotors_gazebo_plugins/lib/librotors_gazebo_servo_model.so, /home/dronesteam/ws_caric/devel/lib/librotors_gazebo_servo_model.so)
Cleaning: (/home/dronesteam/ws_caric/devel/.private/rotors_gazebo_plugins/lib/librotors_gazebo_imu_plugin.so, /home/dronesteam/ws_caric/devel/lib/librotors_gazebo_imu_plugin.so)
Cleaning: (/home/dronesteam/ws_caric/devel/.private/rotors_gazebo_plugins/lib/librotors_gazebo_fw_dynamics_plugin.so, /home/dronesteam/ws_caric/devel/lib/librotors_gazebo_fw_dynamics_plugin.so)
Cleaning: (/home/dronesteam/ws_caric/devel/.private/rotors_gazebo_plugins/lib/librotors_gazebo_gps_plugin.so, /home/dronesteam/ws_caric/devel/lib/librotors_gazebo_gps_plugin.so)
Cleaning: (/home/dronesteam/ws_caric/devel/.private/rotors_gazebo_plugins/lib/librotors_gazebo_magnetometer_plugin.so, /home/dronesteam/ws_caric/devel/lib/librotors_gazebo_magnetometer_plugin.so)
Cleaning: (/home/dronesteam/ws_caric/devel/.private/rotors_gazebo_plugins/lib/librotors_gazebo_bag_plugin.so, /home/dronesteam/ws_caric/devel/lib/librotors_gazebo_bag_plugin.so)
Cleaning: (/home/dronesteam/ws_caric/devel/.private/rotors_gazebo_plugins/lib/pkgconfig/rotors_gazebo_plugins.pc, /home/dronesteam/ws_caric/devel/lib/pkgconfig/rotors_gazebo_plugins.pc)
Unlinking: /home/dronesteam/ws_caric/devel/share/rotors_gazebo_plugins/cmake/rotors_gazebo_pluginsConfig.cmake
Unlinking: /home/dronesteam/ws_caric/devel/share/rotors_gazebo_plugins/cmake/rotors_gazebo_pluginsConfig-version.cmake
Unlinking: /home/dronesteam/ws_caric/devel/lib/librotors_gazebo_ros_interface_plugin.so
Unlinking: /home/dronesteam/ws_caric/devel/lib/libLiftDragPlugin.so
Unlinking: /home/dronesteam/ws_caric/devel/lib/librotors_gazebo_odometry_plugin.so
Unlinking: /home/dronesteam/ws_caric/devel/lib/librotors_gazebo_wind_plugin.so
Unlinking: /home/dronesteam/ws_caric/devel/lib/librotors_gazebo_ppcom_plugin.so
Unlinking: /home/dronesteam/ws_caric/devel/lib/librotors_gazebo_motor_model.so
Unlinking: /home/dronesteam/ws_caric/devel/lib/librotors_gazebo_octomap_plugin.so
Unlinking: /home/dronesteam/ws_caric/devel/lib/librotors_gazebo_multirotor_base_plugin.so
Unlinking: /home/dronesteam/ws_caric/devel/lib/librotors_gazebo_controller_interface.so
Unlinking: /home/dronesteam/ws_caric/devel/lib/librotors_gazebo_lidar_plugin.so
Unlinking: /home/dronesteam/ws_caric/devel/lib/libgazebo_geotagged_images_plugin.so
Unlinking: /home/dronesteam/ws_caric/devel/lib/librotors_gazebo_pressure_plugin.so
Unlinking: /home/dronesteam/ws_caric/devel/lib/librotors_gazebo_servo_model.so
Unlinking: /home/dronesteam/ws_caric/devel/lib/librotors_gazebo_imu_plugin.so
Unlinking: /home/dronesteam/ws_caric/devel/lib/librotors_gazebo_fw_dynamics_plugin.so
Unlinking: /home/dronesteam/ws_caric/devel/lib/librotors_gazebo_gps_plugin.so
Unlinking: /home/dronesteam/ws_caric/devel/lib/librotors_gazebo_magnetometer_plugin.so
Unlinking: /home/dronesteam/ws_caric/devel/lib/librotors_gazebo_bag_plugin.so
Unlinking: /home/dronesteam/ws_caric/devel/lib/pkgconfig/rotors_gazebo_plugins.pc
