Symlinking /home/dronesteam/ws_droneSchool/devel/share/common-lisp/ros/drone_school/srv/_package.lisp
Symlinking /home/dronesteam/ws_droneSchool/devel/share/common-lisp/ros/drone_school/srv/drone_school-srv.asd
Symlinking /home/dronesteam/ws_droneSchool/devel/share/common-lisp/ros/drone_school/srv/_package_CreatePPComTopic.lisp
Symlinking /home/dronesteam/ws_droneSchool/devel/share/common-lisp/ros/drone_school/srv/CreatePPComTopic.lisp
Symlinking /home/dronesteam/ws_droneSchool/devel/share/roseus/ros/drone_school/manifest.l
Symlinking /home/dronesteam/ws_droneSchool/devel/share/roseus/ros/drone_school/srv/CreatePPComTopic.l
Symlinking /home/dronesteam/ws_droneSchool/devel/share/gennodejs/ros/drone_school/_index.js
Symlinking /home/dronesteam/ws_droneSchool/devel/share/gennodejs/ros/drone_school/srv/CreatePPComTopic.js
Symlinking /home/dronesteam/ws_droneSchool/devel/share/gennodejs/ros/drone_school/srv/_index.js
Symlinking /home/dronesteam/ws_droneSchool/devel/share/drone_school/cmake/drone_schoolConfig-version.cmake
Symlinking /home/dronesteam/ws_droneSchool/devel/share/drone_school/cmake/drone_schoolConfig.cmake
Symlinking /home/dronesteam/ws_droneSchool/devel/share/drone_school/cmake/drone_school-msg-paths.cmake
Symlinking /home/dronesteam/ws_droneSchool/devel/share/drone_school/cmake/drone_school-msg-extras.cmake
Symlinking /home/dronesteam/ws_droneSchool/devel/lib/pkgconfig/drone_school.pc
Symlinking /home/dronesteam/ws_droneSchool/devel/lib/python3/dist-packages/drone_school/__init__.py
Symlinking /home/dronesteam/ws_droneSchool/devel/lib/python3/dist-packages/drone_school/srv/__init__.py
Symlinking /home/dronesteam/ws_droneSchool/devel/lib/python3/dist-packages/drone_school/srv/_CreatePPComTopic.py
Symlinking /home/dronesteam/ws_droneSchool/devel/lib/drone_school/ppcom_router.py
Symlinking /home/dronesteam/ws_droneSchool/devel/lib/drone_school/ppcom_sentosa_talker.py
Symlinking /home/dronesteam/ws_droneSchool/devel/lib/drone_school/drone_school_mission_manager_node
Symlinking /home/dronesteam/ws_droneSchool/devel/lib/drone_school/cmake.lock
Symlinking /home/dronesteam/ws_droneSchool/devel/lib/drone_school/ppcom_nanyang_talker.py
Symlinking /home/dronesteam/ws_droneSchool/devel/lib/drone_school/ppcom_changi_talker.py
Symlinking /home/dronesteam/ws_droneSchool/devel/lib/drone_school/ppcom_raffles_talker.py
Symlinking /home/dronesteam/ws_droneSchool/devel/lib/drone_school/odom2tf.py
Symlinking /home/dronesteam/ws_droneSchool/devel/lib/drone_school/ppcom_jurong_talker.py
Symlinking /home/dronesteam/ws_droneSchool/devel/include/drone_school/CreatePPComTopicResponse.h
Symlinking /home/dronesteam/ws_droneSchool/devel/include/drone_school/CreatePPComTopicRequest.h
Symlinking /home/dronesteam/ws_droneSchool/devel/include/drone_school/CreatePPComTopic.h
