[36m--[0m Using CATKIN_DEVEL_PREFIX: /home/dronesteam/ws_droneSchool/devel/.private/drone_school
[36m--[0m Using CMAKE_PREFIX_PATH: /home/dronesteam/ws_droneSchool/devel;/opt/ros/noetic
[36m--[0m This workspace overlays: /home/dronesteam/ws_droneSchool/devel;/opt/ros/noetic
[36m--[0m Found PythonInterp: /usr/bin/python3 (found suitable version "3.8.10", minimum required is "3")
[36m--[0m Using PYTHON_EXECUTABLE: /usr/bin/python3
[36m--[0m Using Debian Python package layout
[36m--[0m Using empy: /usr/lib/python3/dist-packages/em.py
[36m--[0m Using CATKIN_ENABLE_TESTING: ON
[36m--[0m Call enable_testing()
[36m--[0m Using CATKIN_TEST_RESULTS_DIR: /home/dronesteam/ws_droneSchool/build/drone_school/test_results
[36m--[0m Forcing gtest/gmock from source, though one was otherwise available.
[36m--[0m Found gtest sources under '/usr/src/googletest': gtests will be built
[36m--[0m Found gmock sources under '/usr/src/googletest': gmock will be built
[36m--[0m Found PythonInterp: /usr/bin/python3 (found version "3.8.10")
[36m--[0m Using Python nosetests: /usr/bin/nosetests3
[36m--[0m catkin 0.8.10
[36m--[0m BUILD_SHARED_LIBS is on
[36m--[0m Using these message generators: gencpp;geneus;genlisp;gennodejs;genpy
[36m--[0m Found DART: /usr/include (Required is at least version "6.6") found components: dart
[36m--[0m Found Boost: /usr/lib/aarch64-linux-gnu/cmake/Boost-1.71.0/BoostConfig.cmake (found suitable version "1.71.0", minimum required is "1.40.0") found components: thread system filesystem program_options regex iostreams date_time
[36m--[0m Found Protobuf: /usr/lib/aarch64-linux-gnu/libprotobuf.so;-lpthread (found version "3.6.1")
[36m--[0m Looking for ignition-math6 -- found version 6.15.0
[36m--[0m Searching for dependencies of ignition-math6
[36m--[0m Looking for OGRE...
[36m--[0m Found Ogre Ghadamon (1.9.0)
[36m--[0m Found OGRE: optimized;/usr/lib/aarch64-linux-gnu/libOgreMain.so;debug;/usr/lib/aarch64-linux-gnu/libOgreMain.so
[36m--[0m Looking for OGRE_Paging...
[36m--[0m Found OGRE_Paging: optimized;/usr/lib/aarch64-linux-gnu/libOgrePaging.so;debug;/usr/lib/aarch64-linux-gnu/libOgrePaging.so
[36m--[0m Looking for OGRE_Terrain...
[36m--[0m Found OGRE_Terrain: optimized;/usr/lib/aarch64-linux-gnu/libOgreTerrain.so;debug;/usr/lib/aarch64-linux-gnu/libOgreTerrain.so
[36m--[0m Looking for OGRE_Property...
[36m--[0m Found OGRE_Property: optimized;/usr/lib/aarch64-linux-gnu/libOgreProperty.so;debug;/usr/lib/aarch64-linux-gnu/libOgreProperty.so
[36m--[0m Looking for OGRE_RTShaderSystem...
[36m--[0m Found OGRE_RTShaderSystem: optimized;/usr/lib/aarch64-linux-gnu/libOgreRTShaderSystem.so;debug;/usr/lib/aarch64-linux-gnu/libOgreRTShaderSystem.so
[36m--[0m Looking for OGRE_Volume...
[36m--[0m Found OGRE_Volume: optimized;/usr/lib/aarch64-linux-gnu/libOgreVolume.so;debug;/usr/lib/aarch64-linux-gnu/libOgreVolume.so
[36m--[0m Looking for OGRE_Overlay...
[36m--[0m Found OGRE_Overlay: optimized;/usr/lib/aarch64-linux-gnu/libOgreOverlay.so;debug;/usr/lib/aarch64-linux-gnu/libOgreOverlay.so
[36m--[0m Looking for ignition-math6 -- found version 6.15.0
[36m--[0m Looking for ignition-transport8 -- found version 8.3.0
[36m--[0m Searching for dependencies of ignition-transport8
[36m--[0m Found Protobuf: /usr/lib/aarch64-linux-gnu/libprotobuf.so;-lpthread (found suitable version "3.6.1", minimum required is "3")
[36m--[0m Config-file not installed for ZeroMQ -- checking for pkg-config
[36m--[0m Checking for module 'libzmq >= 4'
[36m--[0m   Found libzmq , version 4.3.2
[36m--[0m Checking for module 'uuid'
[36m--[0m   Found uuid, version 2.34.0
[36m--[0m Looking for ignition-msgs5 -- found version 5.10.0
[36m--[0m Searching for dependencies of ignition-msgs5
[36m--[0m Looking for ignition-math6 -- found version 6.15.0
[36m--[0m Checking for module 'tinyxml2'
[36m--[0m   Found tinyxml2, version 6.2.0
[36m--[0m Looking for ignition-msgs5 -- found version 5.10.0
[36m--[0m Looking for ignition-common3 -- found version 3.14.2
[36m--[0m Searching for dependencies of ignition-common3
[36m--[0m Looking for dlfcn.h - found
[36m--[0m Looking for libdl - found
[36m--[0m Searching for <ignition-common3> component [graphics]
[36m--[0m Looking for ignition-common3-graphics -- found version 3.14.2
[36m--[0m Searching for dependencies of ignition-common3-graphics
[36m--[0m Looking for ignition-math6 -- found version 6.15.0
[36m--[0m Looking for ignition-fuel_tools4 -- found version 4.6.0
[36m--[0m Searching for dependencies of ignition-fuel_tools4
[36m--[0m Checking for module 'jsoncpp'
[36m--[0m   Found jsoncpp, version 1.7.4
[36m--[0m Checking for module 'yaml-0.1'
[36m--[0m   Found yaml-0.1, version 0.2.2
[36m--[0m Checking for module 'libzip'
[36m--[0m   Found libzip, version 1.5.1
[36m--[0m Looking for ignition-common3 -- found version 3.14.2
[36m--[0m Looking for ignition-math6 -- found version 6.15.0
[36m--[0m Looking for ignition-msgs5 -- found version 5.10.0
[36m--[0m Eigen found (include: /usr/include/eigen3, version: 3.3.7)
[36m--[0m Found Boost: /usr/include (found suitable version "1.71.0", minimum required is "1.55.0") found components: system filesystem date_time iostreams regex
[36m--[0m The imported target "vtkParseOGLExt" references the file
   "/usr/bin/vtkParseOGLExt-7.1"
but this file does not exist.  Possible reasons include:
* The file was deleted, renamed, or moved to another location.
* An install or uninstall procedure did not complete successfully.
* The installation package was faulty and contained
   "/usr/lib/cmake/vtk-7.1/VTKTargets.cmake"
but not all the files it references.

[36m--[0m The imported target "vtkRenderingPythonTkWidgets" references the file
   "/usr/lib/aarch64-linux-gnu/libvtkRenderingPythonTkWidgets.so"
but this file does not exist.  Possible reasons include:
* The file was deleted, renamed, or moved to another location.
* An install or uninstall procedure did not complete successfully.
* The installation package was faulty and contained
   "/usr/lib/cmake/vtk-7.1/VTKTargets.cmake"
but not all the files it references.

[36m--[0m The imported target "vtk" references the file
   "/usr/bin/vtk"
but this file does not exist.  Possible reasons include:
* The file was deleted, renamed, or moved to another location.
* An install or uninstall procedure did not complete successfully.
* The installation package was faulty and contained
   "/usr/lib/cmake/vtk-7.1/VTKTargets.cmake"
but not all the files it references.

[36m--[0m The imported target "pvtk" references the file
   "/usr/bin/pvtk"
but this file does not exist.  Possible reasons include:
* The file was deleted, renamed, or moved to another location.
* An install or uninstall procedure did not complete successfully.
* The installation package was faulty and contained
   "/usr/lib/cmake/vtk-7.1/VTKTargets.cmake"
but not all the files it references.

[36m--[0m OpenNI found (include: /usr/include/ni, lib: /usr/lib/libOpenNI.so)
[36m--[0m OpenNI2 found (include: /usr/include/openni2, lib: /usr/lib/libOpenNI2.so)
** WARNING ** io features related to pcap will be disabled
** WARNING ** io features related to png will be disabled
** WARNING ** io features related to libusb-1.0 will be disabled
[36m--[0m OpenNI found (include: /usr/include/ni, lib: /usr/lib/libOpenNI.so)
[36m--[0m OpenNI2 found (include: /usr/include/openni2, lib: /usr/lib/libOpenNI2.so)
[36m--[0m QHULL found (include: /usr/include, lib: optimized;/usr/lib/aarch64-linux-gnu/libqhull.so;debug;/usr/lib/aarch64-linux-gnu/libqhull.so)
[36m--[0m OpenNI found (include: /usr/include/ni, lib: /usr/lib/libOpenNI.so)
[36m--[0m looking for PCL_COMMON
[36m--[0m looking for PCL_KDTREE
[36m--[0m looking for PCL_OCTREE
[36m--[0m looking for PCL_SEARCH
[36m--[0m looking for PCL_SAMPLE_CONSENSUS
[36m--[0m looking for PCL_FILTERS
[36m--[0m looking for PCL_2D
[36m--[0m looking for PCL_GEOMETRY
[36m--[0m looking for PCL_IO
[36m--[0m looking for PCL_FEATURES
[36m--[0m looking for PCL_ML
[36m--[0m looking for PCL_SEGMENTATION
[36m--[0m looking for PCL_VISUALIZATION
[36m--[0m looking for PCL_SURFACE
[36m--[0m looking for PCL_REGISTRATION
[36m--[0m looking for PCL_KEYPOINTS
[36m--[0m looking for PCL_TRACKING
[36m--[0m looking for PCL_RECOGNITION
[36m--[0m looking for PCL_STEREO
[36m--[0m looking for PCL_APPS
[36m--[0m looking for PCL_IN_HAND_SCANNER
[36m--[0m looking for PCL_POINT_CLOUD_EDITOR
[36m--[0m looking for PCL_OUTOFCORE
[36m--[0m looking for PCL_PEOPLE
[36m--[0m drone_school: 0 messages, 1 services
[33m[1mCMake Warning[0m at /opt/ros/noetic/share/catkin/cmake/catkin_package.cmake:166 (message):
  catkin_package() DEPENDS on 'system_lib' but neither
  'system_lib_INCLUDE_DIRS' nor 'system_lib_LIBRARIES' is defined.
[36mCall Stack (most recent call first):[0m
  /opt/ros/noetic/share/catkin/cmake/catkin_package.cmake:102 (_catkin_package)
  CMakeLists.txt:46 (catkin_package)


[31m[1mCMake Error[0m at /opt/ros/noetic/share/catkin/cmake/catkin_install_python.cmake:86 (message):
  catkin_install_python() called with non-existing file
  '/home/dronesteam/ws_droneSchool/src/drone_school/scripts/ppcom_jurong_talker.py'.
[36mCall Stack (most recent call first):[0m
  CMakeLists.txt:73 (catkin_install_python)


[36m--[0m Configuring incomplete, errors occurred!
See also "/home/dronesteam/ws_droneSchool/build/drone_school/CMakeFiles/CMakeOutput.log".
See also "/home/dronesteam/ws_droneSchool/build/drone_school/CMakeFiles/CMakeError.log".
make: *** [Makefile:1848: cmake_check_build_system] Error 1
