Symlinking /home/dronesteam/ws_droneSchool/devel/./local_setup.bash
Symlinking /home/dronesteam/ws_droneSchool/devel/./setup.zsh
Symlinking /home/dronesteam/ws_droneSchool/devel/./env.sh
Symlinking /home/dronesteam/ws_droneSchool/devel/./local_setup.zsh
Symlinking /home/dronesteam/ws_droneSchool/devel/./setup.sh
Symlinking /home/dronesteam/ws_droneSchool/devel/./setup.bash
Symlinking /home/dronesteam/ws_droneSchool/devel/./local_setup.sh
Symlinking /home/dronesteam/ws_droneSchool/devel/./cmake.lock
Symlinking /home/dronesteam/ws_droneSchool/devel/./_setup_util.py
Symlinking /home/dronesteam/ws_droneSchool/devel/share/catkin_tools_prebuild/cmake/catkin_tools_prebuildConfig-version.cmake
Symlinking /home/dronesteam/ws_droneSchool/devel/share/catkin_tools_prebuild/cmake/catkin_tools_prebuildConfig.cmake
Symlinking /home/dronesteam/ws_droneSchool/devel/lib/pkgconfig/catkin_tools_prebuild.pc
Cleaning: (/home/dronesteam/ws_caric/devel/.private/catkin_tools_prebuild/local_setup.bash, /home/dronesteam/ws_caric/devel/./local_setup.bash)
Cleaning: (/home/dronesteam/ws_caric/devel/.private/catkin_tools_prebuild/setup.zsh, /home/dronesteam/ws_caric/devel/./setup.zsh)
Cleaning: (/home/dronesteam/ws_caric/devel/.private/catkin_tools_prebuild/env.sh, /home/dronesteam/ws_caric/devel/./env.sh)
Cleaning: (/home/dronesteam/ws_caric/devel/.private/catkin_tools_prebuild/local_setup.zsh, /home/dronesteam/ws_caric/devel/./local_setup.zsh)
Cleaning: (/home/dronesteam/ws_caric/devel/.private/catkin_tools_prebuild/setup.sh, /home/dronesteam/ws_caric/devel/./setup.sh)
Cleaning: (/home/dronesteam/ws_caric/devel/.private/catkin_tools_prebuild/setup.bash, /home/dronesteam/ws_caric/devel/./setup.bash)
Cleaning: (/home/dronesteam/ws_caric/devel/.private/catkin_tools_prebuild/local_setup.sh, /home/dronesteam/ws_caric/devel/./local_setup.sh)
Cleaning: (/home/dronesteam/ws_caric/devel/.private/catkin_tools_prebuild/cmake.lock, /home/dronesteam/ws_caric/devel/./cmake.lock)
Cleaning: (/home/dronesteam/ws_caric/devel/.private/catkin_tools_prebuild/_setup_util.py, /home/dronesteam/ws_caric/devel/./_setup_util.py)
Cleaning: (/home/dronesteam/ws_caric/devel/.private/catkin_tools_prebuild/share/catkin_tools_prebuild/cmake/catkin_tools_prebuildConfig-version.cmake, /home/dronesteam/ws_caric/devel/share/catkin_tools_prebuild/cmake/catkin_tools_prebuildConfig-version.cmake)
Cleaning: (/home/dronesteam/ws_caric/devel/.private/catkin_tools_prebuild/share/catkin_tools_prebuild/cmake/catkin_tools_prebuildConfig.cmake, /home/dronesteam/ws_caric/devel/share/catkin_tools_prebuild/cmake/catkin_tools_prebuildConfig.cmake)
Cleaning: (/home/dronesteam/ws_caric/devel/.private/catkin_tools_prebuild/lib/pkgconfig/catkin_tools_prebuild.pc, /home/dronesteam/ws_caric/devel/lib/pkgconfig/catkin_tools_prebuild.pc)
Unlinking: /home/dronesteam/ws_caric/devel/./local_setup.bash
Unlinking: /home/dronesteam/ws_caric/devel/./setup.zsh
Unlinking: /home/dronesteam/ws_caric/devel/./env.sh
Unlinking: /home/dronesteam/ws_caric/devel/./local_setup.zsh
Unlinking: /home/dronesteam/ws_caric/devel/./setup.sh
Unlinking: /home/dronesteam/ws_caric/devel/./setup.bash
Unlinking: /home/dronesteam/ws_caric/devel/./local_setup.sh
Unlinking: /home/dronesteam/ws_caric/devel/./_setup_util.py
Unlinking: /home/dronesteam/ws_caric/devel/share/catkin_tools_prebuild/cmake/catkin_tools_prebuildConfig-version.cmake
Unlinking: /home/dronesteam/ws_caric/devel/share/catkin_tools_prebuild/cmake/catkin_tools_prebuildConfig.cmake
Unlinking: /home/dronesteam/ws_caric/devel/lib/pkgconfig/catkin_tools_prebuild.pc
