In file included from [01m[K/usr/include/boost/preprocessor/tuple/elem.hpp:23[m[K,
                 from [01m[K/usr/include/boost/preprocessor/arithmetic/add.hpp:21[m[K,
                 from [01m[K/usr/include/boost/mpl/aux_/preprocessor/def_params_tail.hpp:66[m[K,
                 from [01m[K/usr/include/boost/mpl/aux_/na_spec.hpp:28[m[K,
                 from [01m[K/usr/include/boost/mpl/next_prior.hpp:18[m[K,
                 from [01m[K/usr/include/boost/mpl/next.hpp:17[m[K,
                 from [01m[K/usr/include/boost/mpl/list/aux_/push_front.hpp:18[m[K,
                 from [01m[K/usr/include/boost/mpl/list/list0.hpp:19[m[K,
                 from [01m[K/usr/include/boost/mpl/list/list10.hpp:18[m[K,
                 from [01m[K/usr/include/boost/mpl/list/list20.hpp:18[m[K,
                 from [01m[K/usr/include/boost/mpl/list.hpp:36[m[K,
                 from [01m[K/usr/include/boost/math/policies/policy.hpp:9[m[K,
                 from [01m[K/usr/include/boost/math/policies/error_handling.hpp:21[m[K,
                 from [01m[K/usr/include/boost/math/special_functions/round.hpp:14[m[K,
                 from [01m[K/opt/ros/noetic/include/ros/time.h:58[m[K,
                 from [01m[K/opt/ros/noetic/include/ros/ros.h:38[m[K,
                 from [01m[K/home/dronesteam/ws_caric/src/caric_baseline/include/baseline_planner.h:2[m[K,
                 from [01m[K/home/dronesteam/ws_caric/src/caric_baseline/src/baseline_planner.cpp:1[m[K:
[01m[K/home/dronesteam/ws_caric/src/caric_baseline/include/utility.h:132:35:[m[K [01;35m[Kwarning: [m[K‘[01m[Kusing uint32_t = uint32_t[m[K’ is deprecated: use std::uint32_t instead of pcl::uint32_t [[01;35m[K-Wdeprecated-declarations[m[K]
  132 |                                  ([01;35m[Kuint32_t[m[K, t, t)
      |                                   [01;35m[K^~~~~~~~[m[K
In file included from [01m[K/usr/include/pcl-1.10/pcl/PCLHeader.h:10[m[K,
                 from [01m[K/usr/include/pcl-1.10/pcl/point_cloud.h:47[m[K,
                 from [01m[K/home/dronesteam/ws_caric/src/caric_baseline/include/utility.h:69[m[K,
                 from [01m[K/home/dronesteam/ws_caric/src/caric_baseline/include/Astar.h:1[m[K,
                 from [01m[K/home/dronesteam/ws_caric/src/caric_baseline/include/baseline_planner.h:14[m[K,
                 from [01m[K/home/dronesteam/ws_caric/src/caric_baseline/src/baseline_planner.cpp:1[m[K:
[01m[K/usr/include/pcl-1.10/pcl/pcl_macros.h:96:9:[m[K [01;36m[Knote: [m[Kdeclared here
   96 |   using [01;36m[Kuint32_t[m[K [[deprecated("use std::uint32_t instead of pcl::uint32_t")]] = std::uint32_t;
      |         [01;36m[K^~~~~~~~[m[K
In file included from [01m[K/usr/include/boost/preprocessor/tuple/elem.hpp:23[m[K,
                 from [01m[K/usr/include/boost/preprocessor/arithmetic/add.hpp:21[m[K,
                 from [01m[K/usr/include/boost/mpl/aux_/preprocessor/def_params_tail.hpp:66[m[K,
                 from [01m[K/usr/include/boost/mpl/aux_/na_spec.hpp:28[m[K,
                 from [01m[K/usr/include/boost/mpl/next_prior.hpp:18[m[K,
                 from [01m[K/usr/include/boost/mpl/next.hpp:17[m[K,
                 from [01m[K/usr/include/boost/mpl/list/aux_/push_front.hpp:18[m[K,
                 from [01m[K/usr/include/boost/mpl/list/list0.hpp:19[m[K,
                 from [01m[K/usr/include/boost/mpl/list/list10.hpp:18[m[K,
                 from [01m[K/usr/include/boost/mpl/list/list20.hpp:18[m[K,
                 from [01m[K/usr/include/boost/mpl/list.hpp:36[m[K,
                 from [01m[K/usr/include/boost/math/policies/policy.hpp:9[m[K,
                 from [01m[K/usr/include/boost/math/policies/error_handling.hpp:21[m[K,
                 from [01m[K/usr/include/boost/math/special_functions/round.hpp:14[m[K,
                 from [01m[K/opt/ros/noetic/include/ros/time.h:58[m[K,
                 from [01m[K/opt/ros/noetic/include/ros/ros.h:38[m[K,
                 from [01m[K/home/dronesteam/ws_caric/src/caric_baseline/include/baseline_planner.h:2[m[K,
                 from [01m[K/home/dronesteam/ws_caric/src/caric_baseline/src/baseline_planner.cpp:1[m[K:
[01m[K/home/dronesteam/ws_caric/src/caric_baseline/include/utility.h:133:35:[m[K [01;35m[Kwarning: [m[K‘[01m[Kusing uint16_t = uint16_t[m[K’ is deprecated: use std::uint16_t instead of pcl::uint16_t [[01;35m[K-Wdeprecated-declarations[m[K]
  133 |                                  ([01;35m[Kuint16_t[m[K, reflectivity, reflectivity)
      |                                   [01;35m[K^~~~~~~~[m[K
In file included from [01m[K/usr/include/pcl-1.10/pcl/PCLHeader.h:10[m[K,
                 from [01m[K/usr/include/pcl-1.10/pcl/point_cloud.h:47[m[K,
                 from [01m[K/home/dronesteam/ws_caric/src/caric_baseline/include/utility.h:69[m[K,
                 from [01m[K/home/dronesteam/ws_caric/src/caric_baseline/include/Astar.h:1[m[K,
                 from [01m[K/home/dronesteam/ws_caric/src/caric_baseline/include/baseline_planner.h:14[m[K,
                 from [01m[K/home/dronesteam/ws_caric/src/caric_baseline/src/baseline_planner.cpp:1[m[K:
[01m[K/usr/include/pcl-1.10/pcl/pcl_macros.h:94:9:[m[K [01;36m[Knote: [m[Kdeclared here
   94 |   using [01;36m[Kuint16_t[m[K [[deprecated("use std::uint16_t instead of pcl::uint16_t")]] = std::uint16_t;
      |         [01;36m[K^~~~~~~~[m[K
In file included from [01m[K/usr/include/boost/preprocessor/tuple/elem.hpp:23[m[K,
                 from [01m[K/usr/include/boost/preprocessor/arithmetic/add.hpp:21[m[K,
                 from [01m[K/usr/include/boost/mpl/aux_/preprocessor/def_params_tail.hpp:66[m[K,
                 from [01m[K/usr/include/boost/mpl/aux_/na_spec.hpp:28[m[K,
                 from [01m[K/usr/include/boost/mpl/next_prior.hpp:18[m[K,
                 from [01m[K/usr/include/boost/mpl/next.hpp:17[m[K,
                 from [01m[K/usr/include/boost/mpl/list/aux_/push_front.hpp:18[m[K,
                 from [01m[K/usr/include/boost/mpl/list/list0.hpp:19[m[K,
                 from [01m[K/usr/include/boost/mpl/list/list10.hpp:18[m[K,
                 from [01m[K/usr/include/boost/mpl/list/list20.hpp:18[m[K,
                 from [01m[K/usr/include/boost/mpl/list.hpp:36[m[K,
                 from [01m[K/usr/include/boost/math/policies/policy.hpp:9[m[K,
                 from [01m[K/usr/include/boost/math/policies/error_handling.hpp:21[m[K,
                 from [01m[K/usr/include/boost/math/special_functions/round.hpp:14[m[K,
                 from [01m[K/opt/ros/noetic/include/ros/time.h:58[m[K,
                 from [01m[K/opt/ros/noetic/include/ros/ros.h:38[m[K,
                 from [01m[K/home/dronesteam/ws_caric/src/caric_baseline/include/baseline_planner.h:2[m[K,
                 from [01m[K/home/dronesteam/ws_caric/src/caric_baseline/src/baseline_planner.cpp:1[m[K:
[01m[K/home/dronesteam/ws_caric/src/caric_baseline/include/utility.h:134:35:[m[K [01;35m[Kwarning: [m[K‘[01m[Kusing uint8_t = uint8_t[m[K’ is deprecated: use std::uint8_t instead of pcl::uint8_t [[01;35m[K-Wdeprecated-declarations[m[K]
  134 |                                  ([01;35m[Kuint8_t[m[K,  ring, ring)
      |                                   [01;35m[K^~~~~~~[m[K
In file included from [01m[K/usr/include/pcl-1.10/pcl/PCLHeader.h:10[m[K,
                 from [01m[K/usr/include/pcl-1.10/pcl/point_cloud.h:47[m[K,
                 from [01m[K/home/dronesteam/ws_caric/src/caric_baseline/include/utility.h:69[m[K,
                 from [01m[K/home/dronesteam/ws_caric/src/caric_baseline/include/Astar.h:1[m[K,
                 from [01m[K/home/dronesteam/ws_caric/src/caric_baseline/include/baseline_planner.h:14[m[K,
                 from [01m[K/home/dronesteam/ws_caric/src/caric_baseline/src/baseline_planner.cpp:1[m[K:
[01m[K/usr/include/pcl-1.10/pcl/pcl_macros.h:92:9:[m[K [01;36m[Knote: [m[Kdeclared here
   92 |   using [01;36m[Kuint8_t[m[K [[deprecated("use std::uint8_t instead of pcl::uint8_t")]] = std::uint8_t;
      |         [01;36m[K^~~~~~~[m[K
In file included from [01m[K/usr/include/boost/preprocessor/tuple/elem.hpp:23[m[K,
                 from [01m[K/usr/include/boost/preprocessor/arithmetic/add.hpp:21[m[K,
                 from [01m[K/usr/include/boost/mpl/aux_/preprocessor/def_params_tail.hpp:66[m[K,
                 from [01m[K/usr/include/boost/mpl/aux_/na_spec.hpp:28[m[K,
                 from [01m[K/usr/include/boost/mpl/next_prior.hpp:18[m[K,
                 from [01m[K/usr/include/boost/mpl/next.hpp:17[m[K,
                 from [01m[K/usr/include/boost/mpl/list/aux_/push_front.hpp:18[m[K,
                 from [01m[K/usr/include/boost/mpl/list/list0.hpp:19[m[K,
                 from [01m[K/usr/include/boost/mpl/list/list10.hpp:18[m[K,
                 from [01m[K/usr/include/boost/mpl/list/list20.hpp:18[m[K,
                 from [01m[K/usr/include/boost/mpl/list.hpp:36[m[K,
                 from [01m[K/usr/include/boost/math/policies/policy.hpp:9[m[K,
                 from [01m[K/usr/include/boost/math/policies/error_handling.hpp:21[m[K,
                 from [01m[K/usr/include/boost/math/special_functions/round.hpp:14[m[K,
                 from [01m[K/opt/ros/noetic/include/ros/time.h:58[m[K,
                 from [01m[K/opt/ros/noetic/include/ros/ros.h:38[m[K,
                 from [01m[K/home/dronesteam/ws_caric/src/caric_baseline/include/baseline_planner.h:2[m[K,
                 from [01m[K/home/dronesteam/ws_caric/src/caric_baseline/src/baseline_planner.cpp:1[m[K:
[01m[K/home/dronesteam/ws_caric/src/caric_baseline/include/utility.h:136:35:[m[K [01;35m[Kwarning: [m[K‘[01m[Kusing uint32_t = uint32_t[m[K’ is deprecated: use std::uint32_t instead of pcl::uint32_t [[01;35m[K-Wdeprecated-declarations[m[K]
  136 |                                  ([01;35m[Kuint32_t[m[K, range, range))
      |                                   [01;35m[K^~~~~~~~[m[K
In file included from [01m[K/usr/include/pcl-1.10/pcl/PCLHeader.h:10[m[K,
                 from [01m[K/usr/include/pcl-1.10/pcl/point_cloud.h:47[m[K,
                 from [01m[K/home/dronesteam/ws_caric/src/caric_baseline/include/utility.h:69[m[K,
                 from [01m[K/home/dronesteam/ws_caric/src/caric_baseline/include/Astar.h:1[m[K,
                 from [01m[K/home/dronesteam/ws_caric/src/caric_baseline/include/baseline_planner.h:14[m[K,
                 from [01m[K/home/dronesteam/ws_caric/src/caric_baseline/src/baseline_planner.cpp:1[m[K:
[01m[K/usr/include/pcl-1.10/pcl/pcl_macros.h:96:9:[m[K [01;36m[Knote: [m[Kdeclared here
   96 |   using [01;36m[Kuint32_t[m[K [[deprecated("use std::uint32_t instead of pcl::uint32_t")]] = std::uint32_t;
      |         [01;36m[K^~~~~~~~[m[K
In file included from [01m[K/usr/include/boost/preprocessor/tuple/elem.hpp:23[m[K,
                 from [01m[K/usr/include/boost/preprocessor/arithmetic/add.hpp:21[m[K,
                 from [01m[K/usr/include/boost/mpl/aux_/preprocessor/def_params_tail.hpp:66[m[K,
                 from [01m[K/usr/include/boost/mpl/aux_/na_spec.hpp:28[m[K,
                 from [01m[K/usr/include/boost/mpl/next_prior.hpp:18[m[K,
                 from [01m[K/usr/include/boost/mpl/next.hpp:17[m[K,
                 from [01m[K/usr/include/boost/mpl/list/aux_/push_front.hpp:18[m[K,
                 from [01m[K/usr/include/boost/mpl/list/list0.hpp:19[m[K,
                 from [01m[K/usr/include/boost/mpl/list/list10.hpp:18[m[K,
                 from [01m[K/usr/include/boost/mpl/list/list20.hpp:18[m[K,
                 from [01m[K/usr/include/boost/mpl/list.hpp:36[m[K,
                 from [01m[K/usr/include/boost/math/policies/policy.hpp:9[m[K,
                 from [01m[K/usr/include/boost/math/policies/error_handling.hpp:21[m[K,
                 from [01m[K/usr/include/boost/math/special_functions/round.hpp:14[m[K,
                 from [01m[K/opt/ros/noetic/include/ros/time.h:58[m[K,
                 from [01m[K/opt/ros/noetic/include/ros/ros.h:38[m[K,
                 from [01m[K/home/dronesteam/ws_caric/src/caric_baseline/include/baseline_planner.h:2[m[K,
                 from [01m[K/home/dronesteam/ws_caric/src/caric_baseline/src/baseline_planner.cpp:1[m[K:
[01m[K/home/dronesteam/ws_caric/src/caric_baseline/include/utility.h:149:36:[m[K [01;35m[Kwarning: [m[K‘[01m[Kusing uint16_t = uint16_t[m[K’ is deprecated: use std::uint16_t instead of pcl::uint16_t [[01;35m[K-Wdeprecated-declarations[m[K]
  149 |                                   ([01;35m[Kuint16_t[m[K, ring, ring)
      |                                    [01;35m[K^~~~~~~~[m[K
In file included from [01m[K/usr/include/pcl-1.10/pcl/PCLHeader.h:10[m[K,
                 from [01m[K/usr/include/pcl-1.10/pcl/point_cloud.h:47[m[K,
                 from [01m[K/home/dronesteam/ws_caric/src/caric_baseline/include/utility.h:69[m[K,
                 from [01m[K/home/dronesteam/ws_caric/src/caric_baseline/include/Astar.h:1[m[K,
                 from [01m[K/home/dronesteam/ws_caric/src/caric_baseline/include/baseline_planner.h:14[m[K,
                 from [01m[K/home/dronesteam/ws_caric/src/caric_baseline/src/baseline_planner.cpp:1[m[K:
[01m[K/usr/include/pcl-1.10/pcl/pcl_macros.h:94:9:[m[K [01;36m[Knote: [m[Kdeclared here
   94 |   using [01;36m[Kuint16_t[m[K [[deprecated("use std::uint16_t instead of pcl::uint16_t")]] = std::uint16_t;
      |         [01;36m[K^~~~~~~~[m[K
In file included from [01m[K/usr/include/boost/preprocessor/tuple/elem.hpp:23[m[K,
                 from [01m[K/usr/include/boost/preprocessor/arithmetic/add.hpp:21[m[K,
                 from [01m[K/usr/include/boost/mpl/aux_/preprocessor/def_params_tail.hpp:66[m[K,
                 from [01m[K/usr/include/boost/mpl/aux_/na_spec.hpp:28[m[K,
                 from [01m[K/usr/include/boost/mpl/next_prior.hpp:18[m[K,
                 from [01m[K/usr/include/boost/mpl/next.hpp:17[m[K,
                 from [01m[K/usr/include/boost/mpl/list/aux_/push_front.hpp:18[m[K,
                 from [01m[K/usr/include/boost/mpl/list/list0.hpp:19[m[K,
                 from [01m[K/usr/include/boost/mpl/list/list10.hpp:18[m[K,
                 from [01m[K/usr/include/boost/mpl/list/list20.hpp:18[m[K,
                 from [01m[K/usr/include/boost/mpl/list.hpp:36[m[K,
                 from [01m[K/usr/include/boost/math/policies/policy.hpp:9[m[K,
                 from [01m[K/usr/include/boost/math/policies/error_handling.hpp:21[m[K,
                 from [01m[K/usr/include/boost/math/special_functions/round.hpp:14[m[K,
                 from [01m[K/opt/ros/noetic/include/ros/time.h:58[m[K,
                 from [01m[K/opt/ros/noetic/include/ros/ros.h:38[m[K,
                 from [01m[K/home/dronesteam/ws_caric/src/caric_baseline/include/baseline_planner.h:2[m[K,
                 from [01m[K/home/dronesteam/ws_caric/src/caric_baseline/src/baseline_planner.cpp:1[m[K:
[01m[K/home/dronesteam/ws_caric/src/caric_baseline/include/utility.h:164:35:[m[K [01;35m[Kwarning: [m[K‘[01m[Kusing uint16_t = uint16_t[m[K’ is deprecated: use std::uint16_t instead of pcl::uint16_t [[01;35m[K-Wdeprecated-declarations[m[K]
  164 |                                  ([01;35m[Kuint16_t[m[K, ring, ring))
      |                                   [01;35m[K^~~~~~~~[m[K
In file included from [01m[K/usr/include/pcl-1.10/pcl/PCLHeader.h:10[m[K,
                 from [01m[K/usr/include/pcl-1.10/pcl/point_cloud.h:47[m[K,
                 from [01m[K/home/dronesteam/ws_caric/src/caric_baseline/include/utility.h:69[m[K,
                 from [01m[K/home/dronesteam/ws_caric/src/caric_baseline/include/Astar.h:1[m[K,
                 from [01m[K/home/dronesteam/ws_caric/src/caric_baseline/include/baseline_planner.h:14[m[K,
                 from [01m[K/home/dronesteam/ws_caric/src/caric_baseline/src/baseline_planner.cpp:1[m[K:
[01m[K/usr/include/pcl-1.10/pcl/pcl_macros.h:94:9:[m[K [01;36m[Knote: [m[Kdeclared here
   94 |   using [01;36m[Kuint16_t[m[K [[deprecated("use std::uint16_t instead of pcl::uint16_t")]] = std::uint16_t;
      |         [01;36m[K^~~~~~~~[m[K
In file included from [01m[K/usr/include/boost/preprocessor/tuple/elem.hpp:23[m[K,
                 from [01m[K/usr/include/boost/preprocessor/arithmetic/add.hpp:21[m[K,
                 from [01m[K/usr/include/boost/mpl/aux_/preprocessor/def_params_tail.hpp:66[m[K,
                 from [01m[K/usr/include/boost/mpl/aux_/na_spec.hpp:28[m[K,
                 from [01m[K/usr/include/boost/mpl/next_prior.hpp:18[m[K,
                 from [01m[K/usr/include/boost/mpl/next.hpp:17[m[K,
                 from [01m[K/usr/include/boost/mpl/list/aux_/push_front.hpp:18[m[K,
                 from [01m[K/usr/include/boost/mpl/list/list0.hpp:19[m[K,
                 from [01m[K/usr/include/boost/mpl/list/list10.hpp:18[m[K,
                 from [01m[K/usr/include/boost/mpl/list/list20.hpp:18[m[K,
                 from [01m[K/usr/include/boost/mpl/list.hpp:36[m[K,
                 from [01m[K/usr/include/boost/math/policies/policy.hpp:9[m[K,
                 from [01m[K/usr/include/boost/math/policies/error_handling.hpp:21[m[K,
                 from [01m[K/usr/include/boost/math/special_functions/round.hpp:14[m[K,
                 from [01m[K/opt/ros/noetic/include/ros/time.h:58[m[K,
                 from [01m[K/opt/ros/noetic/include/ros/ros.h:38[m[K,
                 from [01m[K/home/dronesteam/ws_caric/src/caric_baseline/include/general_task_init.h:2[m[K,
                 from [01m[K/home/dronesteam/ws_caric/src/caric_baseline/src/general_task_initial.cpp:1[m[K:
[01m[K/home/dronesteam/ws_caric/src/caric_baseline/include/utility.h:132:35:[m[K [01;35m[Kwarning: [m[K‘[01m[Kusing uint32_t = uint32_t[m[K’ is deprecated: use std::uint32_t instead of pcl::uint32_t [[01;35m[K-Wdeprecated-declarations[m[K]
  132 |                                  ([01;35m[Kuint32_t[m[K, t, t)
      |                                   [01;35m[K^~~~~~~~[m[K
In file included from [01m[K/usr/include/pcl-1.10/pcl/PCLHeader.h:10[m[K,
                 from [01m[K/usr/include/pcl-1.10/pcl/point_cloud.h:47[m[K,
                 from [01m[K/home/dronesteam/ws_caric/src/caric_baseline/include/utility.h:69[m[K,
                 from [01m[K/home/dronesteam/ws_caric/src/caric_baseline/include/Astar.h:1[m[K,
                 from [01m[K/home/dronesteam/ws_caric/src/caric_baseline/include/general_task_init.h:14[m[K,
                 from [01m[K/home/dronesteam/ws_caric/src/caric_baseline/src/general_task_initial.cpp:1[m[K:
[01m[K/usr/include/pcl-1.10/pcl/pcl_macros.h:96:9:[m[K [01;36m[Knote: [m[Kdeclared here
   96 |   using [01;36m[Kuint32_t[m[K [[deprecated("use std::uint32_t instead of pcl::uint32_t")]] = std::uint32_t;
      |         [01;36m[K^~~~~~~~[m[K
In file included from [01m[K/usr/include/boost/preprocessor/tuple/elem.hpp:23[m[K,
                 from [01m[K/usr/include/boost/preprocessor/arithmetic/add.hpp:21[m[K,
                 from [01m[K/usr/include/boost/mpl/aux_/preprocessor/def_params_tail.hpp:66[m[K,
                 from [01m[K/usr/include/boost/mpl/aux_/na_spec.hpp:28[m[K,
                 from [01m[K/usr/include/boost/mpl/next_prior.hpp:18[m[K,
                 from [01m[K/usr/include/boost/mpl/next.hpp:17[m[K,
                 from [01m[K/usr/include/boost/mpl/list/aux_/push_front.hpp:18[m[K,
                 from [01m[K/usr/include/boost/mpl/list/list0.hpp:19[m[K,
                 from [01m[K/usr/include/boost/mpl/list/list10.hpp:18[m[K,
                 from [01m[K/usr/include/boost/mpl/list/list20.hpp:18[m[K,
                 from [01m[K/usr/include/boost/mpl/list.hpp:36[m[K,
                 from [01m[K/usr/include/boost/math/policies/policy.hpp:9[m[K,
                 from [01m[K/usr/include/boost/math/policies/error_handling.hpp:21[m[K,
                 from [01m[K/usr/include/boost/math/special_functions/round.hpp:14[m[K,
                 from [01m[K/opt/ros/noetic/include/ros/time.h:58[m[K,
                 from [01m[K/opt/ros/noetic/include/ros/ros.h:38[m[K,
                 from [01m[K/home/dronesteam/ws_caric/src/caric_baseline/include/general_task_init.h:2[m[K,
                 from [01m[K/home/dronesteam/ws_caric/src/caric_baseline/src/general_task_initial.cpp:1[m[K:
[01m[K/home/dronesteam/ws_caric/src/caric_baseline/include/utility.h:133:35:[m[K [01;35m[Kwarning: [m[K‘[01m[Kusing uint16_t = uint16_t[m[K’ is deprecated: use std::uint16_t instead of pcl::uint16_t [[01;35m[K-Wdeprecated-declarations[m[K]
  133 |                                  ([01;35m[Kuint16_t[m[K, reflectivity, reflectivity)
      |                                   [01;35m[K^~~~~~~~[m[K
In file included from [01m[K/usr/include/pcl-1.10/pcl/PCLHeader.h:10[m[K,
                 from [01m[K/usr/include/pcl-1.10/pcl/point_cloud.h:47[m[K,
                 from [01m[K/home/dronesteam/ws_caric/src/caric_baseline/include/utility.h:69[m[K,
                 from [01m[K/home/dronesteam/ws_caric/src/caric_baseline/include/Astar.h:1[m[K,
                 from [01m[K/home/dronesteam/ws_caric/src/caric_baseline/include/general_task_init.h:14[m[K,
                 from [01m[K/home/dronesteam/ws_caric/src/caric_baseline/src/general_task_initial.cpp:1[m[K:
[01m[K/usr/include/pcl-1.10/pcl/pcl_macros.h:94:9:[m[K [01;36m[Knote: [m[Kdeclared here
   94 |   using [01;36m[Kuint16_t[m[K [[deprecated("use std::uint16_t instead of pcl::uint16_t")]] = std::uint16_t;
      |         [01;36m[K^~~~~~~~[m[K
In file included from [01m[K/usr/include/boost/preprocessor/tuple/elem.hpp:23[m[K,
                 from [01m[K/usr/include/boost/preprocessor/arithmetic/add.hpp:21[m[K,
                 from [01m[K/usr/include/boost/mpl/aux_/preprocessor/def_params_tail.hpp:66[m[K,
                 from [01m[K/usr/include/boost/mpl/aux_/na_spec.hpp:28[m[K,
                 from [01m[K/usr/include/boost/mpl/next_prior.hpp:18[m[K,
                 from [01m[K/usr/include/boost/mpl/next.hpp:17[m[K,
                 from [01m[K/usr/include/boost/mpl/list/aux_/push_front.hpp:18[m[K,
                 from [01m[K/usr/include/boost/mpl/list/list0.hpp:19[m[K,
                 from [01m[K/usr/include/boost/mpl/list/list10.hpp:18[m[K,
                 from [01m[K/usr/include/boost/mpl/list/list20.hpp:18[m[K,
                 from [01m[K/usr/include/boost/mpl/list.hpp:36[m[K,
                 from [01m[K/usr/include/boost/math/policies/policy.hpp:9[m[K,
                 from [01m[K/usr/include/boost/math/policies/error_handling.hpp:21[m[K,
                 from [01m[K/usr/include/boost/math/special_functions/round.hpp:14[m[K,
                 from [01m[K/opt/ros/noetic/include/ros/time.h:58[m[K,
                 from [01m[K/opt/ros/noetic/include/ros/ros.h:38[m[K,
                 from [01m[K/home/dronesteam/ws_caric/src/caric_baseline/include/general_task_init.h:2[m[K,
                 from [01m[K/home/dronesteam/ws_caric/src/caric_baseline/src/general_task_initial.cpp:1[m[K:
[01m[K/home/dronesteam/ws_caric/src/caric_baseline/include/utility.h:134:35:[m[K [01;35m[Kwarning: [m[K‘[01m[Kusing uint8_t = uint8_t[m[K’ is deprecated: use std::uint8_t instead of pcl::uint8_t [[01;35m[K-Wdeprecated-declarations[m[K]
  134 |                                  ([01;35m[Kuint8_t[m[K,  ring, ring)
      |                                   [01;35m[K^~~~~~~[m[K
In file included from [01m[K/usr/include/pcl-1.10/pcl/PCLHeader.h:10[m[K,
                 from [01m[K/usr/include/pcl-1.10/pcl/point_cloud.h:47[m[K,
                 from [01m[K/home/dronesteam/ws_caric/src/caric_baseline/include/utility.h:69[m[K,
                 from [01m[K/home/dronesteam/ws_caric/src/caric_baseline/include/Astar.h:1[m[K,
                 from [01m[K/home/dronesteam/ws_caric/src/caric_baseline/include/general_task_init.h:14[m[K,
                 from [01m[K/home/dronesteam/ws_caric/src/caric_baseline/src/general_task_initial.cpp:1[m[K:
[01m[K/usr/include/pcl-1.10/pcl/pcl_macros.h:92:9:[m[K [01;36m[Knote: [m[Kdeclared here
   92 |   using [01;36m[Kuint8_t[m[K [[deprecated("use std::uint8_t instead of pcl::uint8_t")]] = std::uint8_t;
      |         [01;36m[K^~~~~~~[m[K
In file included from [01m[K/usr/include/boost/preprocessor/tuple/elem.hpp:23[m[K,
                 from [01m[K/usr/include/boost/preprocessor/arithmetic/add.hpp:21[m[K,
                 from [01m[K/usr/include/boost/mpl/aux_/preprocessor/def_params_tail.hpp:66[m[K,
                 from [01m[K/usr/include/boost/mpl/aux_/na_spec.hpp:28[m[K,
                 from [01m[K/usr/include/boost/mpl/next_prior.hpp:18[m[K,
                 from [01m[K/usr/include/boost/mpl/next.hpp:17[m[K,
                 from [01m[K/usr/include/boost/mpl/list/aux_/push_front.hpp:18[m[K,
                 from [01m[K/usr/include/boost/mpl/list/list0.hpp:19[m[K,
                 from [01m[K/usr/include/boost/mpl/list/list10.hpp:18[m[K,
                 from [01m[K/usr/include/boost/mpl/list/list20.hpp:18[m[K,
                 from [01m[K/usr/include/boost/mpl/list.hpp:36[m[K,
                 from [01m[K/usr/include/boost/math/policies/policy.hpp:9[m[K,
                 from [01m[K/usr/include/boost/math/policies/error_handling.hpp:21[m[K,
                 from [01m[K/usr/include/boost/math/special_functions/round.hpp:14[m[K,
                 from [01m[K/opt/ros/noetic/include/ros/time.h:58[m[K,
                 from [01m[K/opt/ros/noetic/include/ros/ros.h:38[m[K,
                 from [01m[K/home/dronesteam/ws_caric/src/caric_baseline/include/general_task_init.h:2[m[K,
                 from [01m[K/home/dronesteam/ws_caric/src/caric_baseline/src/general_task_initial.cpp:1[m[K:
[01m[K/home/dronesteam/ws_caric/src/caric_baseline/include/utility.h:136:35:[m[K [01;35m[Kwarning: [m[K‘[01m[Kusing uint32_t = uint32_t[m[K’ is deprecated: use std::uint32_t instead of pcl::uint32_t [[01;35m[K-Wdeprecated-declarations[m[K]
  136 |                                  ([01;35m[Kuint32_t[m[K, range, range))
      |                                   [01;35m[K^~~~~~~~[m[K
In file included from [01m[K/usr/include/pcl-1.10/pcl/PCLHeader.h:10[m[K,
                 from [01m[K/usr/include/pcl-1.10/pcl/point_cloud.h:47[m[K,
                 from [01m[K/home/dronesteam/ws_caric/src/caric_baseline/include/utility.h:69[m[K,
                 from [01m[K/home/dronesteam/ws_caric/src/caric_baseline/include/Astar.h:1[m[K,
                 from [01m[K/home/dronesteam/ws_caric/src/caric_baseline/include/general_task_init.h:14[m[K,
                 from [01m[K/home/dronesteam/ws_caric/src/caric_baseline/src/general_task_initial.cpp:1[m[K:
[01m[K/usr/include/pcl-1.10/pcl/pcl_macros.h:96:9:[m[K [01;36m[Knote: [m[Kdeclared here
   96 |   using [01;36m[Kuint32_t[m[K [[deprecated("use std::uint32_t instead of pcl::uint32_t")]] = std::uint32_t;
      |         [01;36m[K^~~~~~~~[m[K
In file included from [01m[K/usr/include/boost/preprocessor/tuple/elem.hpp:23[m[K,
                 from [01m[K/usr/include/boost/preprocessor/arithmetic/add.hpp:21[m[K,
                 from [01m[K/usr/include/boost/mpl/aux_/preprocessor/def_params_tail.hpp:66[m[K,
                 from [01m[K/usr/include/boost/mpl/aux_/na_spec.hpp:28[m[K,
                 from [01m[K/usr/include/boost/mpl/next_prior.hpp:18[m[K,
                 from [01m[K/usr/include/boost/mpl/next.hpp:17[m[K,
                 from [01m[K/usr/include/boost/mpl/list/aux_/push_front.hpp:18[m[K,
                 from [01m[K/usr/include/boost/mpl/list/list0.hpp:19[m[K,
                 from [01m[K/usr/include/boost/mpl/list/list10.hpp:18[m[K,
                 from [01m[K/usr/include/boost/mpl/list/list20.hpp:18[m[K,
                 from [01m[K/usr/include/boost/mpl/list.hpp:36[m[K,
                 from [01m[K/usr/include/boost/math/policies/policy.hpp:9[m[K,
                 from [01m[K/usr/include/boost/math/policies/error_handling.hpp:21[m[K,
                 from [01m[K/usr/include/boost/math/special_functions/round.hpp:14[m[K,
                 from [01m[K/opt/ros/noetic/include/ros/time.h:58[m[K,
                 from [01m[K/opt/ros/noetic/include/ros/ros.h:38[m[K,
                 from [01m[K/home/dronesteam/ws_caric/src/caric_baseline/include/general_task_init.h:2[m[K,
                 from [01m[K/home/dronesteam/ws_caric/src/caric_baseline/src/general_task_initial.cpp:1[m[K:
[01m[K/home/dronesteam/ws_caric/src/caric_baseline/include/utility.h:149:36:[m[K [01;35m[Kwarning: [m[K‘[01m[Kusing uint16_t = uint16_t[m[K’ is deprecated: use std::uint16_t instead of pcl::uint16_t [[01;35m[K-Wdeprecated-declarations[m[K]
  149 |                                   ([01;35m[Kuint16_t[m[K, ring, ring)
      |                                    [01;35m[K^~~~~~~~[m[K
In file included from [01m[K/usr/include/pcl-1.10/pcl/PCLHeader.h:10[m[K,
                 from [01m[K/usr/include/pcl-1.10/pcl/point_cloud.h:47[m[K,
                 from [01m[K/home/dronesteam/ws_caric/src/caric_baseline/include/utility.h:69[m[K,
                 from [01m[K/home/dronesteam/ws_caric/src/caric_baseline/include/Astar.h:1[m[K,
                 from [01m[K/home/dronesteam/ws_caric/src/caric_baseline/include/general_task_init.h:14[m[K,
                 from [01m[K/home/dronesteam/ws_caric/src/caric_baseline/src/general_task_initial.cpp:1[m[K:
[01m[K/usr/include/pcl-1.10/pcl/pcl_macros.h:94:9:[m[K [01;36m[Knote: [m[Kdeclared here
   94 |   using [01;36m[Kuint16_t[m[K [[deprecated("use std::uint16_t instead of pcl::uint16_t")]] = std::uint16_t;
      |         [01;36m[K^~~~~~~~[m[K
In file included from [01m[K/usr/include/boost/preprocessor/tuple/elem.hpp:23[m[K,
                 from [01m[K/usr/include/boost/preprocessor/arithmetic/add.hpp:21[m[K,
                 from [01m[K/usr/include/boost/mpl/aux_/preprocessor/def_params_tail.hpp:66[m[K,
                 from [01m[K/usr/include/boost/mpl/aux_/na_spec.hpp:28[m[K,
                 from [01m[K/usr/include/boost/mpl/next_prior.hpp:18[m[K,
                 from [01m[K/usr/include/boost/mpl/next.hpp:17[m[K,
                 from [01m[K/usr/include/boost/mpl/list/aux_/push_front.hpp:18[m[K,
                 from [01m[K/usr/include/boost/mpl/list/list0.hpp:19[m[K,
                 from [01m[K/usr/include/boost/mpl/list/list10.hpp:18[m[K,
                 from [01m[K/usr/include/boost/mpl/list/list20.hpp:18[m[K,
                 from [01m[K/usr/include/boost/mpl/list.hpp:36[m[K,
                 from [01m[K/usr/include/boost/math/policies/policy.hpp:9[m[K,
                 from [01m[K/usr/include/boost/math/policies/error_handling.hpp:21[m[K,
                 from [01m[K/usr/include/boost/math/special_functions/round.hpp:14[m[K,
                 from [01m[K/opt/ros/noetic/include/ros/time.h:58[m[K,
                 from [01m[K/opt/ros/noetic/include/ros/ros.h:38[m[K,
                 from [01m[K/home/dronesteam/ws_caric/src/caric_baseline/include/general_task_init.h:2[m[K,
                 from [01m[K/home/dronesteam/ws_caric/src/caric_baseline/src/general_task_initial.cpp:1[m[K:
[01m[K/home/dronesteam/ws_caric/src/caric_baseline/include/utility.h:164:35:[m[K [01;35m[Kwarning: [m[K‘[01m[Kusing uint16_t = uint16_t[m[K’ is deprecated: use std::uint16_t instead of pcl::uint16_t [[01;35m[K-Wdeprecated-declarations[m[K]
  164 |                                  ([01;35m[Kuint16_t[m[K, ring, ring))
      |                                   [01;35m[K^~~~~~~~[m[K
In file included from [01m[K/usr/include/pcl-1.10/pcl/PCLHeader.h:10[m[K,
                 from [01m[K/usr/include/pcl-1.10/pcl/point_cloud.h:47[m[K,
                 from [01m[K/home/dronesteam/ws_caric/src/caric_baseline/include/utility.h:69[m[K,
                 from [01m[K/home/dronesteam/ws_caric/src/caric_baseline/include/Astar.h:1[m[K,
                 from [01m[K/home/dronesteam/ws_caric/src/caric_baseline/include/general_task_init.h:14[m[K,
                 from [01m[K/home/dronesteam/ws_caric/src/caric_baseline/src/general_task_initial.cpp:1[m[K:
[01m[K/usr/include/pcl-1.10/pcl/pcl_macros.h:94:9:[m[K [01;36m[Knote: [m[Kdeclared here
   94 |   using [01;36m[Kuint16_t[m[K [[deprecated("use std::uint16_t instead of pcl::uint16_t")]] = std::uint16_t;
      |         [01;36m[K^~~~~~~~[m[K
In file included from [01m[K/home/dronesteam/ws_caric/src/caric_baseline/src/baseline_planner.cpp:1[m[K:
[01m[K/home/dronesteam/ws_caric/src/caric_baseline/include/baseline_planner.h:[m[K In member function ‘[01m[Kbool grid_map::str2point3i(std::string, Eigen::Vector3i&)[m[K’:
[01m[K/home/dronesteam/ws_caric/src/caric_baseline/include/baseline_planner.h:1848:5:[m[K [01;35m[Kwarning: [m[Kcontrol reaches end of non-void function [[01;35m[K-Wreturn-type[m[K]
 1848 |     [01;35m[K}[m[K
      |     [01;35m[K^[m[K
