Linked: (/home/dronesteam/ws_caric/devel/.private/unicon/share/common-lisp/ros/unicon/srv/_package_Stop.lisp, /home/dronesteam/ws_caric/devel/share/common-lisp/ros/unicon/srv/_package_Stop.lisp)
Linked: (/home/dronesteam/ws_caric/devel/.private/unicon/share/common-lisp/ros/unicon/srv/_package.lisp, /home/dronesteam/ws_caric/devel/share/common-lisp/ros/unicon/srv/_package.lisp)
Linked: (/home/dronesteam/ws_caric/devel/.private/unicon/share/common-lisp/ros/unicon/srv/unicon-srv.asd, /home/dronesteam/ws_caric/devel/share/common-lisp/ros/unicon/srv/unicon-srv.asd)
Linked: (/home/dronesteam/ws_caric/devel/.private/unicon/share/common-lisp/ros/unicon/srv/Stop.lisp, /home/dronesteam/ws_caric/devel/share/common-lisp/ros/unicon/srv/Stop.lisp)
Linked: (/home/dronesteam/ws_caric/devel/.private/unicon/share/unicon/cmake/unicon-msg-paths.cmake, /home/dronesteam/ws_caric/devel/share/unicon/cmake/unicon-msg-paths.cmake)
Linked: (/home/dronesteam/ws_caric/devel/.private/unicon/share/unicon/cmake/uniconConfig-version.cmake, /home/dronesteam/ws_caric/devel/share/unicon/cmake/uniconConfig-version.cmake)
Linked: (/home/dronesteam/ws_caric/devel/.private/unicon/share/unicon/cmake/unicon-msg-extras.cmake, /home/dronesteam/ws_caric/devel/share/unicon/cmake/unicon-msg-extras.cmake)
Linked: (/home/dronesteam/ws_caric/devel/.private/unicon/share/unicon/cmake/uniconConfig.cmake, /home/dronesteam/ws_caric/devel/share/unicon/cmake/uniconConfig.cmake)
Linked: (/home/dronesteam/ws_caric/devel/.private/unicon/share/unicon/docs/ParamConfig.dox, /home/dronesteam/ws_caric/devel/share/unicon/docs/ParamConfig.dox)
Linked: (/home/dronesteam/ws_caric/devel/.private/unicon/share/unicon/docs/ParamConfig-usage.dox, /home/dronesteam/ws_caric/devel/share/unicon/docs/ParamConfig-usage.dox)
Linked: (/home/dronesteam/ws_caric/devel/.private/unicon/share/unicon/docs/ParamConfig.wikidoc, /home/dronesteam/ws_caric/devel/share/unicon/docs/ParamConfig.wikidoc)
Linked: (/home/dronesteam/ws_caric/devel/.private/unicon/share/roseus/ros/unicon/manifest.l, /home/dronesteam/ws_caric/devel/share/roseus/ros/unicon/manifest.l)
Linked: (/home/dronesteam/ws_caric/devel/.private/unicon/share/roseus/ros/unicon/srv/Stop.l, /home/dronesteam/ws_caric/devel/share/roseus/ros/unicon/srv/Stop.l)
Linked: (/home/dronesteam/ws_caric/devel/.private/unicon/share/gennodejs/ros/unicon/_index.js, /home/dronesteam/ws_caric/devel/share/gennodejs/ros/unicon/_index.js)
Linked: (/home/dronesteam/ws_caric/devel/.private/unicon/share/gennodejs/ros/unicon/srv/Stop.js, /home/dronesteam/ws_caric/devel/share/gennodejs/ros/unicon/srv/Stop.js)
Linked: (/home/dronesteam/ws_caric/devel/.private/unicon/share/gennodejs/ros/unicon/srv/_index.js, /home/dronesteam/ws_caric/devel/share/gennodejs/ros/unicon/srv/_index.js)
Linked: (/home/dronesteam/ws_caric/devel/.private/unicon/lib/unicon/unicon, /home/dronesteam/ws_caric/devel/lib/unicon/unicon)
Linked: (/home/dronesteam/ws_caric/devel/.private/unicon/lib/pkgconfig/unicon.pc, /home/dronesteam/ws_caric/devel/lib/pkgconfig/unicon.pc)
Linked: (/home/dronesteam/ws_caric/devel/.private/unicon/lib/python3/dist-packages/unicon/__init__.py, /home/dronesteam/ws_caric/devel/lib/python3/dist-packages/unicon/__init__.py)
Linked: (/home/dronesteam/ws_caric/devel/.private/unicon/lib/python3/dist-packages/unicon/srv/__init__.py, /home/dronesteam/ws_caric/devel/lib/python3/dist-packages/unicon/srv/__init__.py)
Linked: (/home/dronesteam/ws_caric/devel/.private/unicon/lib/python3/dist-packages/unicon/srv/_Stop.py, /home/dronesteam/ws_caric/devel/lib/python3/dist-packages/unicon/srv/_Stop.py)
Linked: (/home/dronesteam/ws_caric/devel/.private/unicon/lib/python3/dist-packages/unicon/cfg/ParamConfig.py, /home/dronesteam/ws_caric/devel/lib/python3/dist-packages/unicon/cfg/ParamConfig.py)
Linked: (/home/dronesteam/ws_caric/devel/.private/unicon/lib/python3/dist-packages/unicon/cfg/__init__.py, /home/dronesteam/ws_caric/devel/lib/python3/dist-packages/unicon/cfg/__init__.py)
Linked: (/home/dronesteam/ws_caric/devel/.private/unicon/include/unicon/ParamConfig.h, /home/dronesteam/ws_caric/devel/include/unicon/ParamConfig.h)
Linked: (/home/dronesteam/ws_caric/devel/.private/unicon/include/unicon/StopResponse.h, /home/dronesteam/ws_caric/devel/include/unicon/StopResponse.h)
Linked: (/home/dronesteam/ws_caric/devel/.private/unicon/include/unicon/Stop.h, /home/dronesteam/ws_caric/devel/include/unicon/Stop.h)
Linked: (/home/dronesteam/ws_caric/devel/.private/unicon/include/unicon/StopRequest.h, /home/dronesteam/ws_caric/devel/include/unicon/StopRequest.h)
