[35m[1mScanning dependencies of target unicon_gencfg[0m
[ 10%] [34m[1mGenerating dynamic reconfigure files from cfg/Param.cfg: /home/dronesteam/ws_droneSchool/devel/.private/unicon/include/unicon/ParamConfig.h /home/dronesteam/ws_droneSchool/devel/.private/unicon/lib/python3/dist-packages/unicon/cfg/ParamConfig.py[0m
[35m[1mScanning dependencies of target dynamic_reconfigure_generate_messages_py[0m
[35m[1mScanning dependencies of target _unicon_generate_messages_check_deps_Stop[0m
[ 10%] Built target dynamic_reconfigure_generate_messages_py
[35m[1mScanning dependencies of target std_msgs_generate_messages_nodejs[0m
[35m[1mScanning dependencies of target actionlib_msgs_generate_messages_py[0m
[ 10%] Built target actionlib_msgs_generate_messages_py
[ 10%] Built target std_msgs_generate_messages_nodejs
[35m[1mScanning dependencies of target rosgraph_msgs_generate_messages_lisp[0m
[35m[1mScanning dependencies of target nav_msgs_generate_messages_nodejs[0m
[ 10%] Built target _unicon_generate_messages_check_deps_Stop
[ 10%] Built target rosgraph_msgs_generate_messages_lisp
[ 10%] Built target nav_msgs_generate_messages_nodejs
[35m[1mScanning dependencies of target rosgraph_msgs_generate_messages_eus[0m
[ 10%] Built target rosgraph_msgs_generate_messages_eus
Generating reconfiguration files for Param in unicon
Wrote header file in /home/dronesteam/ws_droneSchool/devel/.private/unicon/include/unicon/ParamConfig.h
[35m[1mScanning dependencies of target nav_msgs_generate_messages_cpp[0m
[ 10%] Built target nav_msgs_generate_messages_cpp
[35m[1mScanning dependencies of target roscpp_generate_messages_eus[0m
[ 10%] Built target roscpp_generate_messages_eus
[35m[1mScanning dependencies of target roscpp_generate_messages_cpp[0m
[35m[1mScanning dependencies of target mav_msgs_generate_messages_nodejs[0m
[ 10%] Built target unicon_gencfg
[ 10%] Built target roscpp_generate_messages_cpp
[ 10%] Built target mav_msgs_generate_messages_nodejs
[35m[1mScanning dependencies of target std_msgs_generate_messages_cpp[0m
[ 10%] Built target std_msgs_generate_messages_cpp
[35m[1mScanning dependencies of target geometry_msgs_generate_messages_py[0m
[35m[1mScanning dependencies of target nav_msgs_generate_messages_py[0m
[ 10%] Built target geometry_msgs_generate_messages_py
[35m[1mScanning dependencies of target geometry_msgs_generate_messages_eus[0m
[ 10%] Built target nav_msgs_generate_messages_py
[ 10%] Built target geometry_msgs_generate_messages_eus
[35m[1mScanning dependencies of target roscpp_generate_messages_lisp[0m
[ 10%] Built target roscpp_generate_messages_lisp
[35m[1mScanning dependencies of target geometry_msgs_generate_messages_cpp[0m
[ 10%] Built target geometry_msgs_generate_messages_cpp
[35m[1mScanning dependencies of target std_msgs_generate_messages_py[0m
[35m[1mScanning dependencies of target trajectory_msgs_generate_messages_lisp[0m
[35m[1mScanning dependencies of target roscpp_generate_messages_py[0m
[ 10%] Built target std_msgs_generate_messages_py
[ 10%] Built target roscpp_generate_messages_py
[ 10%] Built target trajectory_msgs_generate_messages_lisp
[35m[1mScanning dependencies of target trajectory_msgs_generate_messages_eus[0m
[35m[1mScanning dependencies of target trajectory_msgs_generate_messages_nodejs[0m
[35m[1mScanning dependencies of target std_msgs_generate_messages_lisp[0m
[ 10%] Built target trajectory_msgs_generate_messages_eus
[ 10%] Built target trajectory_msgs_generate_messages_nodejs
[ 10%] Built target std_msgs_generate_messages_lisp
[35m[1mScanning dependencies of target mav_msgs_generate_messages_lisp[0m
[ 10%] Built target mav_msgs_generate_messages_lisp
[35m[1mScanning dependencies of target trajectory_msgs_generate_messages_py[0m
[ 10%] Built target trajectory_msgs_generate_messages_py
[35m[1mScanning dependencies of target rosgraph_msgs_generate_messages_cpp[0m
[ 10%] Built target rosgraph_msgs_generate_messages_cpp
[35m[1mScanning dependencies of target roscpp_generate_messages_nodejs[0m
[ 10%] Built target roscpp_generate_messages_nodejs
[35m[1mScanning dependencies of target geometry_msgs_generate_messages_lisp[0m
[35m[1mScanning dependencies of target unicon_generate_messages_py[0m
[ 20%] [34m[1mGenerating Python code from SRV unicon/Stop[0m
[ 20%] Built target geometry_msgs_generate_messages_lisp
[35m[1mScanning dependencies of target mav_msgs_generate_messages_py[0m
[ 20%] Built target mav_msgs_generate_messages_py
[ 30%] [34m[1mGenerating Python srv __init__.py for unicon[0m
[35m[1mScanning dependencies of target nav_msgs_generate_messages_eus[0m
[ 30%] Built target nav_msgs_generate_messages_eus
[35m[1mScanning dependencies of target actionlib_msgs_generate_messages_nodejs[0m
[ 30%] Built target actionlib_msgs_generate_messages_nodejs
[35m[1mScanning dependencies of target std_msgs_generate_messages_eus[0m
[ 30%] Built target std_msgs_generate_messages_eus
[35m[1mScanning dependencies of target actionlib_msgs_generate_messages_lisp[0m
[ 30%] Built target actionlib_msgs_generate_messages_lisp
[35m[1mScanning dependencies of target nav_msgs_generate_messages_lisp[0m
[ 30%] Built target nav_msgs_generate_messages_lisp
[ 30%] Built target unicon_generate_messages_py
[35m[1mScanning dependencies of target actionlib_msgs_generate_messages_cpp[0m
[ 30%] Built target actionlib_msgs_generate_messages_cpp
[35m[1mScanning dependencies of target geometry_msgs_generate_messages_nodejs[0m
[35m[1mScanning dependencies of target dynamic_reconfigure_generate_messages_cpp[0m
[ 30%] Built target geometry_msgs_generate_messages_nodejs
[ 30%] Built target dynamic_reconfigure_generate_messages_cpp
[35m[1mScanning dependencies of target mav_msgs_generate_messages_eus[0m
[ 30%] Built target mav_msgs_generate_messages_eus
[35m[1mScanning dependencies of target mav_msgs_generate_messages_cpp[0m
[ 30%] Built target mav_msgs_generate_messages_cpp
[35m[1mScanning dependencies of target dynamic_reconfigure_generate_messages_eus[0m
[ 30%] Built target dynamic_reconfigure_generate_messages_eus
[35m[1mScanning dependencies of target dynamic_reconfigure_gencfg[0m
[ 30%] Built target dynamic_reconfigure_gencfg
[35m[1mScanning dependencies of target rosgraph_msgs_generate_messages_py[0m
[ 30%] Built target rosgraph_msgs_generate_messages_py
[35m[1mScanning dependencies of target dynamic_reconfigure_generate_messages_lisp[0m
[ 30%] Built target dynamic_reconfigure_generate_messages_lisp
[35m[1mScanning dependencies of target dynamic_reconfigure_generate_messages_nodejs[0m
[ 30%] Built target dynamic_reconfigure_generate_messages_nodejs
[35m[1mScanning dependencies of target trajectory_msgs_generate_messages_cpp[0m
[35m[1mScanning dependencies of target unicon_generate_messages_eus[0m
[ 30%] Built target trajectory_msgs_generate_messages_cpp
[ 40%] [34m[1mGenerating EusLisp code from unicon/Stop.srv[0m
[ 50%] [34m[1mGenerating EusLisp manifest code for unicon[0m
[35m[1mScanning dependencies of target rosgraph_msgs_generate_messages_nodejs[0m
[ 50%] Built target rosgraph_msgs_generate_messages_nodejs
[35m[1mScanning dependencies of target unicon_generate_messages_lisp[0m
[ 60%] [34m[1mGenerating Lisp code from unicon/Stop.srv[0m
[ 60%] Built target unicon_generate_messages_lisp
[35m[1mScanning dependencies of target actionlib_msgs_generate_messages_eus[0m
[ 60%] Built target actionlib_msgs_generate_messages_eus
[35m[1mScanning dependencies of target unicon_generate_messages_nodejs[0m
[ 70%] [34m[1mGenerating Javascript code from unicon/Stop.srv[0m
[ 70%] Built target unicon_generate_messages_nodejs
[ 70%] Built target unicon_generate_messages_eus
[35m[1mScanning dependencies of target unicon_generate_messages_cpp[0m
[ 80%] [34m[1mGenerating C++ code from unicon/Stop.srv[0m
[ 80%] Built target unicon_generate_messages_cpp
[35m[1mScanning dependencies of target unicon[0m
[ 90%] [32mBuilding CXX object CMakeFiles/unicon.dir/src/unicon_node.cpp.o[0m
[35m[1mScanning dependencies of target unicon_generate_messages[0m
[ 90%] Built target unicon_generate_messages
[100%] [32m[1mLinking CXX executable /home/dronesteam/ws_droneSchool/devel/.private/unicon/lib/unicon/unicon[0m
[100%] Built target unicon
