Symlinking /home/dronesteam/ws_droneSchool/devel/share/common-lisp/ros/unicon/srv/_package_Stop.lisp
Symlinking /home/dronesteam/ws_droneSchool/devel/share/common-lisp/ros/unicon/srv/_package.lisp
Symlinking /home/dronesteam/ws_droneSchool/devel/share/common-lisp/ros/unicon/srv/unicon-srv.asd
Symlinking /home/dronesteam/ws_droneSchool/devel/share/common-lisp/ros/unicon/srv/Stop.lisp
Symlinking /home/dronesteam/ws_droneSchool/devel/share/unicon/cmake/unicon-msg-paths.cmake
Symlinking /home/dronesteam/ws_droneSchool/devel/share/unicon/cmake/uniconConfig-version.cmake
Symlinking /home/dronesteam/ws_droneSchool/devel/share/unicon/cmake/unicon-msg-extras.cmake
Symlinking /home/dronesteam/ws_droneSchool/devel/share/unicon/cmake/uniconConfig.cmake
Symlinking /home/dronesteam/ws_droneSchool/devel/share/unicon/docs/ParamConfig.dox
Symlinking /home/dronesteam/ws_droneSchool/devel/share/unicon/docs/ParamConfig-usage.dox
Symlinking /home/dronesteam/ws_droneSchool/devel/share/unicon/docs/ParamConfig.wikidoc
Symlinking /home/dronesteam/ws_droneSchool/devel/share/roseus/ros/unicon/manifest.l
Symlinking /home/dronesteam/ws_droneSchool/devel/share/roseus/ros/unicon/srv/Stop.l
Symlinking /home/dronesteam/ws_droneSchool/devel/share/gennodejs/ros/unicon/_index.js
Symlinking /home/dronesteam/ws_droneSchool/devel/share/gennodejs/ros/unicon/srv/Stop.js
Symlinking /home/dronesteam/ws_droneSchool/devel/share/gennodejs/ros/unicon/srv/_index.js
Symlinking /home/dronesteam/ws_droneSchool/devel/lib/unicon/unicon
Symlinking /home/dronesteam/ws_droneSchool/devel/lib/pkgconfig/unicon.pc
Symlinking /home/dronesteam/ws_droneSchool/devel/lib/python3/dist-packages/unicon/__init__.py
Symlinking /home/dronesteam/ws_droneSchool/devel/lib/python3/dist-packages/unicon/srv/__init__.py
Symlinking /home/dronesteam/ws_droneSchool/devel/lib/python3/dist-packages/unicon/srv/_Stop.py
Symlinking /home/dronesteam/ws_droneSchool/devel/lib/python3/dist-packages/unicon/cfg/ParamConfig.py
Symlinking /home/dronesteam/ws_droneSchool/devel/lib/python3/dist-packages/unicon/cfg/__init__.py
Symlinking /home/dronesteam/ws_droneSchool/devel/include/unicon/ParamConfig.h
Symlinking /home/dronesteam/ws_droneSchool/devel/include/unicon/StopResponse.h
Symlinking /home/dronesteam/ws_droneSchool/devel/include/unicon/Stop.h
Symlinking /home/dronesteam/ws_droneSchool/devel/include/unicon/StopRequest.h
Cleaning: (/home/dronesteam/ws_caric/devel/.private/unicon/cmake.lock, /home/dronesteam/ws_caric/devel/./cmake.lock)
Cleaning: (/home/dronesteam/ws_caric/devel/.private/unicon/share/common-lisp/ros/unicon/srv/_package_Stop.lisp, /home/dronesteam/ws_caric/devel/share/common-lisp/ros/unicon/srv/_package_Stop.lisp)
Cleaning: (/home/dronesteam/ws_caric/devel/.private/unicon/share/common-lisp/ros/unicon/srv/_package.lisp, /home/dronesteam/ws_caric/devel/share/common-lisp/ros/unicon/srv/_package.lisp)
Cleaning: (/home/dronesteam/ws_caric/devel/.private/unicon/share/common-lisp/ros/unicon/srv/unicon-srv.asd, /home/dronesteam/ws_caric/devel/share/common-lisp/ros/unicon/srv/unicon-srv.asd)
Cleaning: (/home/dronesteam/ws_caric/devel/.private/unicon/share/common-lisp/ros/unicon/srv/Stop.lisp, /home/dronesteam/ws_caric/devel/share/common-lisp/ros/unicon/srv/Stop.lisp)
Cleaning: (/home/dronesteam/ws_caric/devel/.private/unicon/share/unicon/cmake/unicon-msg-paths.cmake, /home/dronesteam/ws_caric/devel/share/unicon/cmake/unicon-msg-paths.cmake)
Cleaning: (/home/dronesteam/ws_caric/devel/.private/unicon/share/unicon/cmake/uniconConfig-version.cmake, /home/dronesteam/ws_caric/devel/share/unicon/cmake/uniconConfig-version.cmake)
Cleaning: (/home/dronesteam/ws_caric/devel/.private/unicon/share/unicon/cmake/unicon-msg-extras.cmake, /home/dronesteam/ws_caric/devel/share/unicon/cmake/unicon-msg-extras.cmake)
Cleaning: (/home/dronesteam/ws_caric/devel/.private/unicon/share/unicon/cmake/uniconConfig.cmake, /home/dronesteam/ws_caric/devel/share/unicon/cmake/uniconConfig.cmake)
Cleaning: (/home/dronesteam/ws_caric/devel/.private/unicon/share/unicon/docs/ParamConfig.dox, /home/dronesteam/ws_caric/devel/share/unicon/docs/ParamConfig.dox)
Cleaning: (/home/dronesteam/ws_caric/devel/.private/unicon/share/unicon/docs/ParamConfig-usage.dox, /home/dronesteam/ws_caric/devel/share/unicon/docs/ParamConfig-usage.dox)
Cleaning: (/home/dronesteam/ws_caric/devel/.private/unicon/share/unicon/docs/ParamConfig.wikidoc, /home/dronesteam/ws_caric/devel/share/unicon/docs/ParamConfig.wikidoc)
Cleaning: (/home/dronesteam/ws_caric/devel/.private/unicon/share/roseus/ros/unicon/manifest.l, /home/dronesteam/ws_caric/devel/share/roseus/ros/unicon/manifest.l)
Cleaning: (/home/dronesteam/ws_caric/devel/.private/unicon/share/roseus/ros/unicon/srv/Stop.l, /home/dronesteam/ws_caric/devel/share/roseus/ros/unicon/srv/Stop.l)
Cleaning: (/home/dronesteam/ws_caric/devel/.private/unicon/share/gennodejs/ros/unicon/_index.js, /home/dronesteam/ws_caric/devel/share/gennodejs/ros/unicon/_index.js)
Cleaning: (/home/dronesteam/ws_caric/devel/.private/unicon/share/gennodejs/ros/unicon/srv/Stop.js, /home/dronesteam/ws_caric/devel/share/gennodejs/ros/unicon/srv/Stop.js)
Cleaning: (/home/dronesteam/ws_caric/devel/.private/unicon/share/gennodejs/ros/unicon/srv/_index.js, /home/dronesteam/ws_caric/devel/share/gennodejs/ros/unicon/srv/_index.js)
Cleaning: (/home/dronesteam/ws_caric/devel/.private/unicon/lib/unicon/unicon, /home/dronesteam/ws_caric/devel/lib/unicon/unicon)
Cleaning: (/home/dronesteam/ws_caric/devel/.private/unicon/lib/pkgconfig/unicon.pc, /home/dronesteam/ws_caric/devel/lib/pkgconfig/unicon.pc)
Cleaning: (/home/dronesteam/ws_caric/devel/.private/unicon/lib/python3/dist-packages/unicon/__init__.py, /home/dronesteam/ws_caric/devel/lib/python3/dist-packages/unicon/__init__.py)
Cleaning: (/home/dronesteam/ws_caric/devel/.private/unicon/lib/python3/dist-packages/unicon/srv/__init__.py, /home/dronesteam/ws_caric/devel/lib/python3/dist-packages/unicon/srv/__init__.py)
Cleaning: (/home/dronesteam/ws_caric/devel/.private/unicon/lib/python3/dist-packages/unicon/srv/_Stop.py, /home/dronesteam/ws_caric/devel/lib/python3/dist-packages/unicon/srv/_Stop.py)
Cleaning: (/home/dronesteam/ws_caric/devel/.private/unicon/lib/python3/dist-packages/unicon/cfg/ParamConfig.py, /home/dronesteam/ws_caric/devel/lib/python3/dist-packages/unicon/cfg/ParamConfig.py)
Cleaning: (/home/dronesteam/ws_caric/devel/.private/unicon/lib/python3/dist-packages/unicon/cfg/__init__.py, /home/dronesteam/ws_caric/devel/lib/python3/dist-packages/unicon/cfg/__init__.py)
Cleaning: (/home/dronesteam/ws_caric/devel/.private/unicon/include/unicon/ParamConfig.h, /home/dronesteam/ws_caric/devel/include/unicon/ParamConfig.h)
Cleaning: (/home/dronesteam/ws_caric/devel/.private/unicon/include/unicon/StopResponse.h, /home/dronesteam/ws_caric/devel/include/unicon/StopResponse.h)
Cleaning: (/home/dronesteam/ws_caric/devel/.private/unicon/include/unicon/Stop.h, /home/dronesteam/ws_caric/devel/include/unicon/Stop.h)
Cleaning: (/home/dronesteam/ws_caric/devel/.private/unicon/include/unicon/StopRequest.h, /home/dronesteam/ws_caric/devel/include/unicon/StopRequest.h)
Unlinking: /home/dronesteam/ws_caric/devel/share/common-lisp/ros/unicon/srv/_package_Stop.lisp
Unlinking: /home/dronesteam/ws_caric/devel/share/common-lisp/ros/unicon/srv/_package.lisp
Unlinking: /home/dronesteam/ws_caric/devel/share/common-lisp/ros/unicon/srv/unicon-srv.asd
Unlinking: /home/dronesteam/ws_caric/devel/share/common-lisp/ros/unicon/srv/Stop.lisp
Unlinking: /home/dronesteam/ws_caric/devel/share/unicon/cmake/unicon-msg-paths.cmake
Unlinking: /home/dronesteam/ws_caric/devel/share/unicon/cmake/uniconConfig-version.cmake
Unlinking: /home/dronesteam/ws_caric/devel/share/unicon/cmake/unicon-msg-extras.cmake
Unlinking: /home/dronesteam/ws_caric/devel/share/unicon/cmake/uniconConfig.cmake
Unlinking: /home/dronesteam/ws_caric/devel/share/unicon/docs/ParamConfig.dox
Unlinking: /home/dronesteam/ws_caric/devel/share/unicon/docs/ParamConfig-usage.dox
Unlinking: /home/dronesteam/ws_caric/devel/share/unicon/docs/ParamConfig.wikidoc
Unlinking: /home/dronesteam/ws_caric/devel/share/roseus/ros/unicon/manifest.l
Unlinking: /home/dronesteam/ws_caric/devel/share/roseus/ros/unicon/srv/Stop.l
Unlinking: /home/dronesteam/ws_caric/devel/share/gennodejs/ros/unicon/_index.js
Unlinking: /home/dronesteam/ws_caric/devel/share/gennodejs/ros/unicon/srv/Stop.js
Unlinking: /home/dronesteam/ws_caric/devel/share/gennodejs/ros/unicon/srv/_index.js
Unlinking: /home/dronesteam/ws_caric/devel/lib/unicon/unicon
Unlinking: /home/dronesteam/ws_caric/devel/lib/pkgconfig/unicon.pc
Unlinking: /home/dronesteam/ws_caric/devel/lib/python3/dist-packages/unicon/__init__.py
Unlinking: /home/dronesteam/ws_caric/devel/lib/python3/dist-packages/unicon/srv/__init__.py
Unlinking: /home/dronesteam/ws_caric/devel/lib/python3/dist-packages/unicon/srv/_Stop.py
Unlinking: /home/dronesteam/ws_caric/devel/lib/python3/dist-packages/unicon/cfg/ParamConfig.py
Unlinking: /home/dronesteam/ws_caric/devel/lib/python3/dist-packages/unicon/cfg/__init__.py
Unlinking: /home/dronesteam/ws_caric/devel/include/unicon/ParamConfig.h
Unlinking: /home/dronesteam/ws_caric/devel/include/unicon/StopResponse.h
Unlinking: /home/dronesteam/ws_caric/devel/include/unicon/Stop.h
Unlinking: /home/dronesteam/ws_caric/devel/include/unicon/StopRequest.h
