[ 10%] Built target unicon_gencfg
[ 10%] Built target dynamic_reconfigure_generate_messages_py
[ 10%] Built target std_msgs_generate_messages_nodejs
[ 10%] Built target rosgraph_msgs_generate_messages_lisp
[ 10%] Built target actionlib_msgs_generate_messages_py
[ 10%] Built target _unicon_generate_messages_check_deps_Stop
[ 10%] Built target nav_msgs_generate_messages_nodejs
[ 10%] Built target rosgraph_msgs_generate_messages_eus
[ 10%] Built target nav_msgs_generate_messages_cpp
[ 10%] Built target roscpp_generate_messages_eus
[ 10%] Built target roscpp_generate_messages_cpp
[ 10%] Built target mav_msgs_generate_messages_nodejs
[ 10%] Built target std_msgs_generate_messages_cpp
[ 10%] Built target geometry_msgs_generate_messages_py
[ 10%] Built target nav_msgs_generate_messages_py
[ 10%] Built target geometry_msgs_generate_messages_eus
[ 10%] Built target roscpp_generate_messages_lisp
[ 10%] Built target geometry_msgs_generate_messages_cpp
[ 10%] Built target std_msgs_generate_messages_py
[ 10%] Built target trajectory_msgs_generate_messages_lisp
[ 10%] Built target roscpp_generate_messages_py
[ 10%] Built target trajectory_msgs_generate_messages_eus
[ 10%] Built target trajectory_msgs_generate_messages_nodejs
[ 10%] Built target std_msgs_generate_messages_lisp
[ 10%] Built target mav_msgs_generate_messages_lisp
[ 10%] Built target trajectory_msgs_generate_messages_py
[ 10%] Built target rosgraph_msgs_generate_messages_cpp
[ 10%] Built target roscpp_generate_messages_nodejs
[ 10%] Built target geometry_msgs_generate_messages_lisp
[ 30%] Built target unicon_generate_messages_py
[ 30%] Built target mav_msgs_generate_messages_py
[ 30%] Built target nav_msgs_generate_messages_eus
[ 30%] Built target actionlib_msgs_generate_messages_nodejs
[ 30%] Built target std_msgs_generate_messages_eus
[ 30%] Built target actionlib_msgs_generate_messages_lisp
[ 30%] Built target nav_msgs_generate_messages_lisp
[ 30%] Built target actionlib_msgs_generate_messages_cpp
[ 30%] Built target dynamic_reconfigure_generate_messages_cpp
[ 30%] Built target geometry_msgs_generate_messages_nodejs
[ 30%] Built target mav_msgs_generate_messages_eus
[ 30%] Built target mav_msgs_generate_messages_cpp
[ 30%] Built target dynamic_reconfigure_generate_messages_eus
[ 30%] Built target dynamic_reconfigure_gencfg
[ 30%] Built target rosgraph_msgs_generate_messages_py
[ 30%] Built target dynamic_reconfigure_generate_messages_lisp
[ 30%] Built target dynamic_reconfigure_generate_messages_nodejs
[ 30%] Built target trajectory_msgs_generate_messages_cpp
[ 50%] Built target unicon_generate_messages_eus
[ 50%] Built target rosgraph_msgs_generate_messages_nodejs
[ 60%] Built target unicon_generate_messages_lisp
[ 60%] Built target actionlib_msgs_generate_messages_eus
[ 70%] Built target unicon_generate_messages_nodejs
[ 80%] Built target unicon_generate_messages_cpp
[ 80%] Built target unicon_generate_messages
[100%] Built target unicon
