[35m[1mScanning dependencies of target _traj_gennav_generate_messages_check_deps_ReadPathFromFile[0m
[35m[1mScanning dependencies of target std_msgs_generate_messages_cpp[0m
[  0%] Built target std_msgs_generate_messages_cpp
[  0%] Built target _traj_gennav_generate_messages_check_deps_ReadPathFromFile
[35m[1mScanning dependencies of target _traj_gennav_generate_messages_check_deps_ExecutePath[0m
[  0%] Built target _traj_gennav_generate_messages_check_deps_ExecutePath
[35m[1mScanning dependencies of target std_msgs_generate_messages_lisp[0m
[  0%] Built target std_msgs_generate_messages_lisp
[35m[1mScanning dependencies of target std_msgs_generate_messages_eus[0m
[  0%] Built target std_msgs_generate_messages_eus
[35m[1mScanning dependencies of target std_msgs_generate_messages_py[0m
[  0%] Built target std_msgs_generate_messages_py
[35m[1mScanning dependencies of target std_msgs_generate_messages_nodejs[0m
[  0%] Built target std_msgs_generate_messages_nodejs
[35m[1mScanning dependencies of target mav_msgs_generate_messages_cpp[0m
[35m[1mScanning dependencies of target rosgraph_msgs_generate_messages_nodejs[0m
[  0%] Built target mav_msgs_generate_messages_cpp
[  0%] Built target rosgraph_msgs_generate_messages_nodejs
[35m[1mScanning dependencies of target actionlib_msgs_generate_messages_py[0m
[  0%] Built target actionlib_msgs_generate_messages_py
[35m[1mScanning dependencies of target rosgraph_msgs_generate_messages_lisp[0m
[  0%] Built target rosgraph_msgs_generate_messages_lisp
[35m[1mScanning dependencies of target nav_msgs_generate_messages_nodejs[0m
[35m[1mScanning dependencies of target actionlib_msgs_generate_messages_eus[0m
[  0%] Built target nav_msgs_generate_messages_nodejs
[  0%] Built target actionlib_msgs_generate_messages_eus
[35m[1mScanning dependencies of target rosgraph_msgs_generate_messages_eus[0m
[  0%] Built target rosgraph_msgs_generate_messages_eus
[35m[1mScanning dependencies of target nav_msgs_generate_messages_cpp[0m
[35m[1mScanning dependencies of target roscpp_generate_messages_eus[0m
[35m[1mScanning dependencies of target roscpp_generate_messages_cpp[0m
[  0%] Built target nav_msgs_generate_messages_cpp
[  0%] Built target roscpp_generate_messages_cpp
[  0%] Built target roscpp_generate_messages_eus
[35m[1mScanning dependencies of target mav_msgs_generate_messages_nodejs[0m
[  0%] Built target mav_msgs_generate_messages_nodejs
[35m[1mScanning dependencies of target geometry_msgs_generate_messages_py[0m
[35m[1mScanning dependencies of target nav_msgs_generate_messages_py[0m
[  0%] Built target geometry_msgs_generate_messages_py
[  0%] Built target nav_msgs_generate_messages_py
[35m[1mScanning dependencies of target geometry_msgs_generate_messages_eus[0m
[35m[1mScanning dependencies of target geometry_msgs_generate_messages_cpp[0m
[  0%] Built target geometry_msgs_generate_messages_eus
[35m[1mScanning dependencies of target trajectory_msgs_generate_messages_lisp[0m
[  0%] Built target geometry_msgs_generate_messages_cpp
[  0%] Built target trajectory_msgs_generate_messages_lisp
[35m[1mScanning dependencies of target rosgraph_msgs_generate_messages_py[0m
[  0%] Built target rosgraph_msgs_generate_messages_py
[35m[1mScanning dependencies of target roscpp_generate_messages_py[0m
[  0%] Built target roscpp_generate_messages_py
[35m[1mScanning dependencies of target trajectory_msgs_generate_messages_eus[0m
[  0%] Built target trajectory_msgs_generate_messages_eus
[35m[1mScanning dependencies of target trajectory_msgs_generate_messages_nodejs[0m
[  0%] Built target trajectory_msgs_generate_messages_nodejs
[35m[1mScanning dependencies of target trajectory_msgs_generate_messages_cpp[0m
[  0%] Built target trajectory_msgs_generate_messages_cpp
[35m[1mScanning dependencies of target mav_msgs_generate_messages_lisp[0m
[  0%] Built target mav_msgs_generate_messages_lisp
[35m[1mScanning dependencies of target trajectory_msgs_generate_messages_py[0m
[  0%] Built target trajectory_msgs_generate_messages_py
[35m[1mScanning dependencies of target rosgraph_msgs_generate_messages_cpp[0m
[  0%] Built target rosgraph_msgs_generate_messages_cpp
[35m[1mScanning dependencies of target roscpp_generate_messages_nodejs[0m
[  0%] Built target roscpp_generate_messages_nodejs
[35m[1mScanning dependencies of target geometry_msgs_generate_messages_lisp[0m
[  0%] Built target geometry_msgs_generate_messages_lisp
[35m[1mScanning dependencies of target mav_msgs_generate_messages_py[0m
[  0%] Built target mav_msgs_generate_messages_py
[35m[1mScanning dependencies of target nav_msgs_generate_messages_eus[0m
[  0%] Built target nav_msgs_generate_messages_eus
[35m[1mScanning dependencies of target actionlib_msgs_generate_messages_nodejs[0m
[  0%] Built target actionlib_msgs_generate_messages_nodejs
[35m[1mScanning dependencies of target actionlib_msgs_generate_messages_lisp[0m
[  0%] Built target actionlib_msgs_generate_messages_lisp
[35m[1mScanning dependencies of target nav_msgs_generate_messages_lisp[0m
[  0%] Built target nav_msgs_generate_messages_lisp
[35m[1mScanning dependencies of target actionlib_msgs_generate_messages_cpp[0m
[  0%] Built target actionlib_msgs_generate_messages_cpp
[35m[1mScanning dependencies of target roscpp_generate_messages_lisp[0m
[  0%] Built target roscpp_generate_messages_lisp
[35m[1mScanning dependencies of target geometry_msgs_generate_messages_nodejs[0m
[  0%] Built target geometry_msgs_generate_messages_nodejs
[35m[1mScanning dependencies of target mav_msgs_generate_messages_eus[0m
[  0%] Built target mav_msgs_generate_messages_eus
[35m[1mScanning dependencies of target traj_gennav_generate_messages_cpp[0m
[  5%] [34m[1mGenerating C++ code from traj_gennav/ExecutePath.srv[0m
[ 11%] [34m[1mGenerating C++ code from traj_gennav/ReadPathFromFile.srv[0m
[ 11%] Built target traj_gennav_generate_messages_cpp
[35m[1mScanning dependencies of target traj_gennav_generate_messages_lisp[0m
[ 17%] [34m[1mGenerating Lisp code from traj_gennav/ExecutePath.srv[0m
[ 23%] [34m[1mGenerating Lisp code from traj_gennav/ReadPathFromFile.srv[0m
[ 23%] Built target traj_gennav_generate_messages_lisp
[35m[1mScanning dependencies of target traj_gennav_generate_messages_eus[0m
[ 29%] [34m[1mGenerating EusLisp code from traj_gennav/ExecutePath.srv[0m
[ 35%] [34m[1mGenerating EusLisp code from traj_gennav/ReadPathFromFile.srv[0m
[ 41%] [34m[1mGenerating EusLisp manifest code for traj_gennav[0m
[ 41%] Built target traj_gennav_generate_messages_eus
[35m[1mScanning dependencies of target traj_gennav_generate_messages_py[0m
[ 47%] [34m[1mGenerating Python code from SRV traj_gennav/ExecutePath[0m
[ 52%] [34m[1mGenerating Python code from SRV traj_gennav/ReadPathFromFile[0m
[ 58%] [34m[1mGenerating Python srv __init__.py for traj_gennav[0m
[ 58%] Built target traj_gennav_generate_messages_py
[35m[1mScanning dependencies of target traj_gennav_generate_messages_nodejs[0m
[ 64%] [34m[1mGenerating Javascript code from traj_gennav/ExecutePath.srv[0m
[35m[1mScanning dependencies of target traj_gennav_node[0m
[ 70%] [32mBuilding CXX object CMakeFiles/traj_gennav_node.dir/src/traj_gennav_node.cpp.o[0m
[ 76%] [34m[1mGenerating Javascript code from traj_gennav/ReadPathFromFile.srv[0m
[ 76%] Built target traj_gennav_generate_messages_nodejs
[ 82%] [32mBuilding CXX object CMakeFiles/traj_gennav_node.dir/include/traj_gennav/poly_traj_generator.cpp.o[0m
[ 88%] [32mBuilding CXX object CMakeFiles/traj_gennav_node.dir/include/traj_gennav/Vec3f.cpp.o[0m
[35m[1mScanning dependencies of target traj_gennav_generate_messages[0m
[ 88%] Built target traj_gennav_generate_messages
[ 94%] [32mBuilding CXX object CMakeFiles/traj_gennav_node.dir/include/traj_gennav/Plane.cpp.o[0m
[01m[K/home/dronesteam/ws_droneSchool/src/traj_gennav/src/traj_gennav_node.cpp:[m[K In function ‘[01m[Ktrajectory_msgs::MultiDOFJointTrajectory generateTrajNominal(double, double, int)[m[K’:
[01m[K/home/dronesteam/ws_droneSchool/src/traj_gennav/src/traj_gennav_node.cpp:654:66:[m[K [01;35m[Kwarning: [m[K‘[01m[KnSeg_wip_[m[K’ may be used uninitialized in this function [[01;35m[K-Wmaybe-uninitialized[m[K]
  654 |           _pos(i) += polyCoeff_(nSeg_wip_, i * 2 * dev_order_ + k[01;35m[K)[m[K * std::pow(_timeinTraj - _timeSum, k);
      |                                                                  [01;35m[K^[m[K
[01m[K/home/dronesteam/ws_droneSchool/src/traj_gennav/src/traj_gennav_node.cpp:[m[K In function ‘[01m[Kvoid sampleWholeTrajandVisualize()[m[K’:
[01m[K/home/dronesteam/ws_droneSchool/src/traj_gennav/src/traj_gennav_node.cpp:654:66:[m[K [01;35m[Kwarning: [m[K‘[01m[KnSeg_wip_[m[K’ may be used uninitialized in this function [[01;35m[K-Wmaybe-uninitialized[m[K]
  654 |           _pos(i) += polyCoeff_(nSeg_wip_, i * 2 * dev_order_ + k[01;35m[K)[m[K * std::pow(_timeinTraj - _timeSum, k);
      |                                                                  [01;35m[K^[m[K
[01m[K/home/dronesteam/ws_droneSchool/src/traj_gennav/src/traj_gennav_node.cpp:638:11:[m[K [01;36m[Knote: [m[K‘[01m[KnSeg_wip_[m[K’ was declared here
  638 |       int [01;36m[KnSeg_wip_[m[K;
      |           [01;36m[K^~~~~~~~~[m[K
[01m[K/home/dronesteam/ws_droneSchool/src/traj_gennav/src/traj_gennav_node.cpp:[m[K In function ‘[01m[Ktrajectory_msgs::MultiDOFJointTrajectory generateTrajOnline(double, double, int)[m[K’:
[01m[K/home/dronesteam/ws_droneSchool/src/traj_gennav/src/traj_gennav_node.cpp:546:66:[m[K [01;35m[Kwarning: [m[K‘[01m[KnSeg_wip_[m[K’ may be used uninitialized in this function [[01;35m[K-Wmaybe-uninitialized[m[K]
  546 |           _pos(i) += polyCoeff_(nSeg_wip_, i * 2 * dev_order_ + k[01;35m[K)[m[K * std::pow(_timeinTraj - _timeSum, k);
      |                                                                  [01;35m[K^[m[K
[100%] [32m[1mLinking CXX executable /home/dronesteam/ws_droneSchool/devel/.private/traj_gennav/lib/traj_gennav/traj_gennav_node[0m
[100%] Built target traj_gennav_node
