Linked: (/home/dronesteam/ws_droneSchool/devel/.private/traj_gennav/share/common-lisp/ros/traj_gennav/srv/_package_ExecutePath.lisp, /home/dronesteam/ws_droneSchool/devel/share/common-lisp/ros/traj_gennav/srv/_package_ExecutePath.lisp)
Linked: (/home/dronesteam/ws_droneSchool/devel/.private/traj_gennav/share/common-lisp/ros/traj_gennav/srv/_package.lisp, /home/dronesteam/ws_droneSchool/devel/share/common-lisp/ros/traj_gennav/srv/_package.lisp)
Linked: (/home/dronesteam/ws_droneSchool/devel/.private/traj_gennav/share/common-lisp/ros/traj_gennav/srv/ReadPathFromFile.lisp, /home/dronesteam/ws_droneSchool/devel/share/common-lisp/ros/traj_gennav/srv/ReadPathFromFile.lisp)
Linked: (/home/dronesteam/ws_droneSchool/devel/.private/traj_gennav/share/common-lisp/ros/traj_gennav/srv/traj_gennav-srv.asd, /home/dronesteam/ws_droneSchool/devel/share/common-lisp/ros/traj_gennav/srv/traj_gennav-srv.asd)
Linked: (/home/dronesteam/ws_droneSchool/devel/.private/traj_gennav/share/common-lisp/ros/traj_gennav/srv/ExecutePath.lisp, /home/dronesteam/ws_droneSchool/devel/share/common-lisp/ros/traj_gennav/srv/ExecutePath.lisp)
Linked: (/home/dronesteam/ws_droneSchool/devel/.private/traj_gennav/share/common-lisp/ros/traj_gennav/srv/_package_ReadPathFromFile.lisp, /home/dronesteam/ws_droneSchool/devel/share/common-lisp/ros/traj_gennav/srv/_package_ReadPathFromFile.lisp)
Linked: (/home/dronesteam/ws_droneSchool/devel/.private/traj_gennav/share/roseus/ros/traj_gennav/manifest.l, /home/dronesteam/ws_droneSchool/devel/share/roseus/ros/traj_gennav/manifest.l)
Linked: (/home/dronesteam/ws_droneSchool/devel/.private/traj_gennav/share/roseus/ros/traj_gennav/srv/ExecutePath.l, /home/dronesteam/ws_droneSchool/devel/share/roseus/ros/traj_gennav/srv/ExecutePath.l)
Linked: (/home/dronesteam/ws_droneSchool/devel/.private/traj_gennav/share/roseus/ros/traj_gennav/srv/ReadPathFromFile.l, /home/dronesteam/ws_droneSchool/devel/share/roseus/ros/traj_gennav/srv/ReadPathFromFile.l)
Linked: (/home/dronesteam/ws_droneSchool/devel/.private/traj_gennav/share/gennodejs/ros/traj_gennav/_index.js, /home/dronesteam/ws_droneSchool/devel/share/gennodejs/ros/traj_gennav/_index.js)
Linked: (/home/dronesteam/ws_droneSchool/devel/.private/traj_gennav/share/gennodejs/ros/traj_gennav/srv/ExecutePath.js, /home/dronesteam/ws_droneSchool/devel/share/gennodejs/ros/traj_gennav/srv/ExecutePath.js)
Linked: (/home/dronesteam/ws_droneSchool/devel/.private/traj_gennav/share/gennodejs/ros/traj_gennav/srv/_index.js, /home/dronesteam/ws_droneSchool/devel/share/gennodejs/ros/traj_gennav/srv/_index.js)
Linked: (/home/dronesteam/ws_droneSchool/devel/.private/traj_gennav/share/gennodejs/ros/traj_gennav/srv/ReadPathFromFile.js, /home/dronesteam/ws_droneSchool/devel/share/gennodejs/ros/traj_gennav/srv/ReadPathFromFile.js)
Linked: (/home/dronesteam/ws_droneSchool/devel/.private/traj_gennav/share/traj_gennav/cmake/traj_gennav-msg-paths.cmake, /home/dronesteam/ws_droneSchool/devel/share/traj_gennav/cmake/traj_gennav-msg-paths.cmake)
Linked: (/home/dronesteam/ws_droneSchool/devel/.private/traj_gennav/share/traj_gennav/cmake/traj_gennav-msg-extras.cmake, /home/dronesteam/ws_droneSchool/devel/share/traj_gennav/cmake/traj_gennav-msg-extras.cmake)
Linked: (/home/dronesteam/ws_droneSchool/devel/.private/traj_gennav/share/traj_gennav/cmake/traj_gennavConfig.cmake, /home/dronesteam/ws_droneSchool/devel/share/traj_gennav/cmake/traj_gennavConfig.cmake)
Linked: (/home/dronesteam/ws_droneSchool/devel/.private/traj_gennav/share/traj_gennav/cmake/traj_gennavConfig-version.cmake, /home/dronesteam/ws_droneSchool/devel/share/traj_gennav/cmake/traj_gennavConfig-version.cmake)
Linked: (/home/dronesteam/ws_droneSchool/devel/.private/traj_gennav/lib/pkgconfig/traj_gennav.pc, /home/dronesteam/ws_droneSchool/devel/lib/pkgconfig/traj_gennav.pc)
Linked: (/home/dronesteam/ws_droneSchool/devel/.private/traj_gennav/lib/python3/dist-packages/traj_gennav/__init__.py, /home/dronesteam/ws_droneSchool/devel/lib/python3/dist-packages/traj_gennav/__init__.py)
Linked: (/home/dronesteam/ws_droneSchool/devel/.private/traj_gennav/lib/python3/dist-packages/traj_gennav/srv/_ReadPathFromFile.py, /home/dronesteam/ws_droneSchool/devel/lib/python3/dist-packages/traj_gennav/srv/_ReadPathFromFile.py)
Linked: (/home/dronesteam/ws_droneSchool/devel/.private/traj_gennav/lib/python3/dist-packages/traj_gennav/srv/__init__.py, /home/dronesteam/ws_droneSchool/devel/lib/python3/dist-packages/traj_gennav/srv/__init__.py)
Linked: (/home/dronesteam/ws_droneSchool/devel/.private/traj_gennav/lib/python3/dist-packages/traj_gennav/srv/_ExecutePath.py, /home/dronesteam/ws_droneSchool/devel/lib/python3/dist-packages/traj_gennav/srv/_ExecutePath.py)
Linked: (/home/dronesteam/ws_droneSchool/devel/.private/traj_gennav/lib/traj_gennav/traj_gennav_node, /home/dronesteam/ws_droneSchool/devel/lib/traj_gennav/traj_gennav_node)
Linked: (/home/dronesteam/ws_droneSchool/devel/.private/traj_gennav/include/traj_gennav/ReadPathFromFile.h, /home/dronesteam/ws_droneSchool/devel/include/traj_gennav/ReadPathFromFile.h)
Linked: (/home/dronesteam/ws_droneSchool/devel/.private/traj_gennav/include/traj_gennav/ExecutePathRequest.h, /home/dronesteam/ws_droneSchool/devel/include/traj_gennav/ExecutePathRequest.h)
Linked: (/home/dronesteam/ws_droneSchool/devel/.private/traj_gennav/include/traj_gennav/ExecutePathResponse.h, /home/dronesteam/ws_droneSchool/devel/include/traj_gennav/ExecutePathResponse.h)
Linked: (/home/dronesteam/ws_droneSchool/devel/.private/traj_gennav/include/traj_gennav/ReadPathFromFileRequest.h, /home/dronesteam/ws_droneSchool/devel/include/traj_gennav/ReadPathFromFileRequest.h)
Linked: (/home/dronesteam/ws_droneSchool/devel/.private/traj_gennav/include/traj_gennav/ReadPathFromFileResponse.h, /home/dronesteam/ws_droneSchool/devel/include/traj_gennav/ReadPathFromFileResponse.h)
Linked: (/home/dronesteam/ws_droneSchool/devel/.private/traj_gennav/include/traj_gennav/ExecutePath.h, /home/dronesteam/ws_droneSchool/devel/include/traj_gennav/ExecutePath.h)
