Symlinking /home/dronesteam/ws_droneSchool/devel/share/common-lisp/ros/rotors_comm/srv/_package.lisp
Symlinking /home/dronesteam/ws_droneSchool/devel/share/common-lisp/ros/rotors_comm/srv/rotors_comm-srv.asd
Symlinking /home/dronesteam/ws_droneSchool/devel/share/common-lisp/ros/rotors_comm/srv/RecordRosbag.lisp
Symlinking /home/dronesteam/ws_droneSchool/devel/share/common-lisp/ros/rotors_comm/srv/_package_Octomap.lisp
Symlinking /home/dronesteam/ws_droneSchool/devel/share/common-lisp/ros/rotors_comm/srv/Octomap.lisp
Symlinking /home/dronesteam/ws_droneSchool/devel/share/common-lisp/ros/rotors_comm/srv/_package_RecordRosbag.lisp
Symlinking /home/dronesteam/ws_droneSchool/devel/share/common-lisp/ros/rotors_comm/msg/PPComTopology.lisp
Symlinking /home/dronesteam/ws_droneSchool/devel/share/common-lisp/ros/rotors_comm/msg/WindSpeed.lisp
Symlinking /home/dronesteam/ws_droneSchool/devel/share/common-lisp/ros/rotors_comm/msg/BoolStamped.lisp
Symlinking /home/dronesteam/ws_droneSchool/devel/share/common-lisp/ros/rotors_comm/msg/_package.lisp
Symlinking /home/dronesteam/ws_droneSchool/devel/share/common-lisp/ros/rotors_comm/msg/_package_BoolStamped.lisp
Symlinking /home/dronesteam/ws_droneSchool/devel/share/common-lisp/ros/rotors_comm/msg/_package_WindSpeed.lisp
Symlinking /home/dronesteam/ws_droneSchool/devel/share/common-lisp/ros/rotors_comm/msg/_package_PPComTopology.lisp
Symlinking /home/dronesteam/ws_droneSchool/devel/share/common-lisp/ros/rotors_comm/msg/rotors_comm-msg.asd
Symlinking /home/dronesteam/ws_droneSchool/devel/share/roseus/ros/rotors_comm/manifest.l
Symlinking /home/dronesteam/ws_droneSchool/devel/share/roseus/ros/rotors_comm/srv/RecordRosbag.l
Symlinking /home/dronesteam/ws_droneSchool/devel/share/roseus/ros/rotors_comm/srv/Octomap.l
Symlinking /home/dronesteam/ws_droneSchool/devel/share/roseus/ros/rotors_comm/msg/PPComTopology.l
Symlinking /home/dronesteam/ws_droneSchool/devel/share/roseus/ros/rotors_comm/msg/BoolStamped.l
Symlinking /home/dronesteam/ws_droneSchool/devel/share/roseus/ros/rotors_comm/msg/WindSpeed.l
Symlinking /home/dronesteam/ws_droneSchool/devel/share/gennodejs/ros/rotors_comm/_index.js
Symlinking /home/dronesteam/ws_droneSchool/devel/share/gennodejs/ros/rotors_comm/srv/Octomap.js
Symlinking /home/dronesteam/ws_droneSchool/devel/share/gennodejs/ros/rotors_comm/srv/_index.js
Symlinking /home/dronesteam/ws_droneSchool/devel/share/gennodejs/ros/rotors_comm/srv/RecordRosbag.js
Symlinking /home/dronesteam/ws_droneSchool/devel/share/gennodejs/ros/rotors_comm/msg/WindSpeed.js
Symlinking /home/dronesteam/ws_droneSchool/devel/share/gennodejs/ros/rotors_comm/msg/BoolStamped.js
Symlinking /home/dronesteam/ws_droneSchool/devel/share/gennodejs/ros/rotors_comm/msg/PPComTopology.js
Symlinking /home/dronesteam/ws_droneSchool/devel/share/gennodejs/ros/rotors_comm/msg/_index.js
Symlinking /home/dronesteam/ws_droneSchool/devel/share/rotors_comm/cmake/rotors_comm-msg-extras.cmake
Symlinking /home/dronesteam/ws_droneSchool/devel/share/rotors_comm/cmake/rotors_comm-msg-paths.cmake
Symlinking /home/dronesteam/ws_droneSchool/devel/share/rotors_comm/cmake/rotors_commConfig.cmake
Symlinking /home/dronesteam/ws_droneSchool/devel/share/rotors_comm/cmake/rotors_commConfig-version.cmake
Symlinking /home/dronesteam/ws_droneSchool/devel/lib/pkgconfig/rotors_comm.pc
Symlinking /home/dronesteam/ws_droneSchool/devel/lib/python3/dist-packages/rotors_comm/__init__.py
Symlinking /home/dronesteam/ws_droneSchool/devel/lib/python3/dist-packages/rotors_comm/srv/_Octomap.py
Symlinking /home/dronesteam/ws_droneSchool/devel/lib/python3/dist-packages/rotors_comm/srv/__init__.py
Symlinking /home/dronesteam/ws_droneSchool/devel/lib/python3/dist-packages/rotors_comm/srv/_RecordRosbag.py
Symlinking /home/dronesteam/ws_droneSchool/devel/lib/python3/dist-packages/rotors_comm/msg/_WindSpeed.py
Symlinking /home/dronesteam/ws_droneSchool/devel/lib/python3/dist-packages/rotors_comm/msg/__init__.py
Symlinking /home/dronesteam/ws_droneSchool/devel/lib/python3/dist-packages/rotors_comm/msg/_PPComTopology.py
Symlinking /home/dronesteam/ws_droneSchool/devel/lib/python3/dist-packages/rotors_comm/msg/_BoolStamped.py
Symlinking /home/dronesteam/ws_droneSchool/devel/include/rotors_comm/OctomapRequest.h
Symlinking /home/dronesteam/ws_droneSchool/devel/include/rotors_comm/RecordRosbagResponse.h
Symlinking /home/dronesteam/ws_droneSchool/devel/include/rotors_comm/BoolStamped.h
Symlinking /home/dronesteam/ws_droneSchool/devel/include/rotors_comm/WindSpeed.h
Symlinking /home/dronesteam/ws_droneSchool/devel/include/rotors_comm/RecordRosbag.h
Symlinking /home/dronesteam/ws_droneSchool/devel/include/rotors_comm/PPComTopology.h
Symlinking /home/dronesteam/ws_droneSchool/devel/include/rotors_comm/OctomapResponse.h
Symlinking /home/dronesteam/ws_droneSchool/devel/include/rotors_comm/RecordRosbagRequest.h
Symlinking /home/dronesteam/ws_droneSchool/devel/include/rotors_comm/Octomap.h
Cleaning: (/home/dronesteam/ws_caric/devel/.private/rotors_comm/cmake.lock, /home/dronesteam/ws_caric/devel/./cmake.lock)
Cleaning: (/home/dronesteam/ws_caric/devel/.private/rotors_comm/share/common-lisp/ros/rotors_comm/srv/_package.lisp, /home/dronesteam/ws_caric/devel/share/common-lisp/ros/rotors_comm/srv/_package.lisp)
Cleaning: (/home/dronesteam/ws_caric/devel/.private/rotors_comm/share/common-lisp/ros/rotors_comm/srv/rotors_comm-srv.asd, /home/dronesteam/ws_caric/devel/share/common-lisp/ros/rotors_comm/srv/rotors_comm-srv.asd)
Cleaning: (/home/dronesteam/ws_caric/devel/.private/rotors_comm/share/common-lisp/ros/rotors_comm/srv/RecordRosbag.lisp, /home/dronesteam/ws_caric/devel/share/common-lisp/ros/rotors_comm/srv/RecordRosbag.lisp)
Cleaning: (/home/dronesteam/ws_caric/devel/.private/rotors_comm/share/common-lisp/ros/rotors_comm/srv/_package_Octomap.lisp, /home/dronesteam/ws_caric/devel/share/common-lisp/ros/rotors_comm/srv/_package_Octomap.lisp)
Cleaning: (/home/dronesteam/ws_caric/devel/.private/rotors_comm/share/common-lisp/ros/rotors_comm/srv/Octomap.lisp, /home/dronesteam/ws_caric/devel/share/common-lisp/ros/rotors_comm/srv/Octomap.lisp)
Cleaning: (/home/dronesteam/ws_caric/devel/.private/rotors_comm/share/common-lisp/ros/rotors_comm/srv/_package_RecordRosbag.lisp, /home/dronesteam/ws_caric/devel/share/common-lisp/ros/rotors_comm/srv/_package_RecordRosbag.lisp)
Cleaning: (/home/dronesteam/ws_caric/devel/.private/rotors_comm/share/common-lisp/ros/rotors_comm/msg/PPComTopology.lisp, /home/dronesteam/ws_caric/devel/share/common-lisp/ros/rotors_comm/msg/PPComTopology.lisp)
Cleaning: (/home/dronesteam/ws_caric/devel/.private/rotors_comm/share/common-lisp/ros/rotors_comm/msg/WindSpeed.lisp, /home/dronesteam/ws_caric/devel/share/common-lisp/ros/rotors_comm/msg/WindSpeed.lisp)
Cleaning: (/home/dronesteam/ws_caric/devel/.private/rotors_comm/share/common-lisp/ros/rotors_comm/msg/BoolStamped.lisp, /home/dronesteam/ws_caric/devel/share/common-lisp/ros/rotors_comm/msg/BoolStamped.lisp)
Cleaning: (/home/dronesteam/ws_caric/devel/.private/rotors_comm/share/common-lisp/ros/rotors_comm/msg/_package.lisp, /home/dronesteam/ws_caric/devel/share/common-lisp/ros/rotors_comm/msg/_package.lisp)
Cleaning: (/home/dronesteam/ws_caric/devel/.private/rotors_comm/share/common-lisp/ros/rotors_comm/msg/_package_BoolStamped.lisp, /home/dronesteam/ws_caric/devel/share/common-lisp/ros/rotors_comm/msg/_package_BoolStamped.lisp)
Cleaning: (/home/dronesteam/ws_caric/devel/.private/rotors_comm/share/common-lisp/ros/rotors_comm/msg/_package_WindSpeed.lisp, /home/dronesteam/ws_caric/devel/share/common-lisp/ros/rotors_comm/msg/_package_WindSpeed.lisp)
Cleaning: (/home/dronesteam/ws_caric/devel/.private/rotors_comm/share/common-lisp/ros/rotors_comm/msg/_package_PPComTopology.lisp, /home/dronesteam/ws_caric/devel/share/common-lisp/ros/rotors_comm/msg/_package_PPComTopology.lisp)
Cleaning: (/home/dronesteam/ws_caric/devel/.private/rotors_comm/share/common-lisp/ros/rotors_comm/msg/rotors_comm-msg.asd, /home/dronesteam/ws_caric/devel/share/common-lisp/ros/rotors_comm/msg/rotors_comm-msg.asd)
Cleaning: (/home/dronesteam/ws_caric/devel/.private/rotors_comm/share/roseus/ros/rotors_comm/manifest.l, /home/dronesteam/ws_caric/devel/share/roseus/ros/rotors_comm/manifest.l)
Cleaning: (/home/dronesteam/ws_caric/devel/.private/rotors_comm/share/roseus/ros/rotors_comm/srv/RecordRosbag.l, /home/dronesteam/ws_caric/devel/share/roseus/ros/rotors_comm/srv/RecordRosbag.l)
Cleaning: (/home/dronesteam/ws_caric/devel/.private/rotors_comm/share/roseus/ros/rotors_comm/srv/Octomap.l, /home/dronesteam/ws_caric/devel/share/roseus/ros/rotors_comm/srv/Octomap.l)
Cleaning: (/home/dronesteam/ws_caric/devel/.private/rotors_comm/share/roseus/ros/rotors_comm/msg/PPComTopology.l, /home/dronesteam/ws_caric/devel/share/roseus/ros/rotors_comm/msg/PPComTopology.l)
Cleaning: (/home/dronesteam/ws_caric/devel/.private/rotors_comm/share/roseus/ros/rotors_comm/msg/BoolStamped.l, /home/dronesteam/ws_caric/devel/share/roseus/ros/rotors_comm/msg/BoolStamped.l)
Cleaning: (/home/dronesteam/ws_caric/devel/.private/rotors_comm/share/roseus/ros/rotors_comm/msg/WindSpeed.l, /home/dronesteam/ws_caric/devel/share/roseus/ros/rotors_comm/msg/WindSpeed.l)
Cleaning: (/home/dronesteam/ws_caric/devel/.private/rotors_comm/share/gennodejs/ros/rotors_comm/_index.js, /home/dronesteam/ws_caric/devel/share/gennodejs/ros/rotors_comm/_index.js)
Cleaning: (/home/dronesteam/ws_caric/devel/.private/rotors_comm/share/gennodejs/ros/rotors_comm/srv/Octomap.js, /home/dronesteam/ws_caric/devel/share/gennodejs/ros/rotors_comm/srv/Octomap.js)
Cleaning: (/home/dronesteam/ws_caric/devel/.private/rotors_comm/share/gennodejs/ros/rotors_comm/srv/_index.js, /home/dronesteam/ws_caric/devel/share/gennodejs/ros/rotors_comm/srv/_index.js)
Cleaning: (/home/dronesteam/ws_caric/devel/.private/rotors_comm/share/gennodejs/ros/rotors_comm/srv/RecordRosbag.js, /home/dronesteam/ws_caric/devel/share/gennodejs/ros/rotors_comm/srv/RecordRosbag.js)
Cleaning: (/home/dronesteam/ws_caric/devel/.private/rotors_comm/share/gennodejs/ros/rotors_comm/msg/WindSpeed.js, /home/dronesteam/ws_caric/devel/share/gennodejs/ros/rotors_comm/msg/WindSpeed.js)
Cleaning: (/home/dronesteam/ws_caric/devel/.private/rotors_comm/share/gennodejs/ros/rotors_comm/msg/BoolStamped.js, /home/dronesteam/ws_caric/devel/share/gennodejs/ros/rotors_comm/msg/BoolStamped.js)
Cleaning: (/home/dronesteam/ws_caric/devel/.private/rotors_comm/share/gennodejs/ros/rotors_comm/msg/PPComTopology.js, /home/dronesteam/ws_caric/devel/share/gennodejs/ros/rotors_comm/msg/PPComTopology.js)
Cleaning: (/home/dronesteam/ws_caric/devel/.private/rotors_comm/share/gennodejs/ros/rotors_comm/msg/_index.js, /home/dronesteam/ws_caric/devel/share/gennodejs/ros/rotors_comm/msg/_index.js)
Cleaning: (/home/dronesteam/ws_caric/devel/.private/rotors_comm/share/rotors_comm/cmake/rotors_comm-msg-extras.cmake, /home/dronesteam/ws_caric/devel/share/rotors_comm/cmake/rotors_comm-msg-extras.cmake)
Cleaning: (/home/dronesteam/ws_caric/devel/.private/rotors_comm/share/rotors_comm/cmake/rotors_comm-msg-paths.cmake, /home/dronesteam/ws_caric/devel/share/rotors_comm/cmake/rotors_comm-msg-paths.cmake)
Cleaning: (/home/dronesteam/ws_caric/devel/.private/rotors_comm/share/rotors_comm/cmake/rotors_commConfig.cmake, /home/dronesteam/ws_caric/devel/share/rotors_comm/cmake/rotors_commConfig.cmake)
Cleaning: (/home/dronesteam/ws_caric/devel/.private/rotors_comm/share/rotors_comm/cmake/rotors_commConfig-version.cmake, /home/dronesteam/ws_caric/devel/share/rotors_comm/cmake/rotors_commConfig-version.cmake)
Cleaning: (/home/dronesteam/ws_caric/devel/.private/rotors_comm/lib/pkgconfig/rotors_comm.pc, /home/dronesteam/ws_caric/devel/lib/pkgconfig/rotors_comm.pc)
Cleaning: (/home/dronesteam/ws_caric/devel/.private/rotors_comm/lib/python3/dist-packages/rotors_comm/__init__.py, /home/dronesteam/ws_caric/devel/lib/python3/dist-packages/rotors_comm/__init__.py)
Cleaning: (/home/dronesteam/ws_caric/devel/.private/rotors_comm/lib/python3/dist-packages/rotors_comm/srv/_Octomap.py, /home/dronesteam/ws_caric/devel/lib/python3/dist-packages/rotors_comm/srv/_Octomap.py)
Cleaning: (/home/dronesteam/ws_caric/devel/.private/rotors_comm/lib/python3/dist-packages/rotors_comm/srv/__init__.py, /home/dronesteam/ws_caric/devel/lib/python3/dist-packages/rotors_comm/srv/__init__.py)
Cleaning: (/home/dronesteam/ws_caric/devel/.private/rotors_comm/lib/python3/dist-packages/rotors_comm/srv/_RecordRosbag.py, /home/dronesteam/ws_caric/devel/lib/python3/dist-packages/rotors_comm/srv/_RecordRosbag.py)
Cleaning: (/home/dronesteam/ws_caric/devel/.private/rotors_comm/lib/python3/dist-packages/rotors_comm/msg/_WindSpeed.py, /home/dronesteam/ws_caric/devel/lib/python3/dist-packages/rotors_comm/msg/_WindSpeed.py)
Cleaning: (/home/dronesteam/ws_caric/devel/.private/rotors_comm/lib/python3/dist-packages/rotors_comm/msg/__init__.py, /home/dronesteam/ws_caric/devel/lib/python3/dist-packages/rotors_comm/msg/__init__.py)
Cleaning: (/home/dronesteam/ws_caric/devel/.private/rotors_comm/lib/python3/dist-packages/rotors_comm/msg/_PPComTopology.py, /home/dronesteam/ws_caric/devel/lib/python3/dist-packages/rotors_comm/msg/_PPComTopology.py)
Cleaning: (/home/dronesteam/ws_caric/devel/.private/rotors_comm/lib/python3/dist-packages/rotors_comm/msg/_BoolStamped.py, /home/dronesteam/ws_caric/devel/lib/python3/dist-packages/rotors_comm/msg/_BoolStamped.py)
Cleaning: (/home/dronesteam/ws_caric/devel/.private/rotors_comm/include/rotors_comm/OctomapRequest.h, /home/dronesteam/ws_caric/devel/include/rotors_comm/OctomapRequest.h)
Cleaning: (/home/dronesteam/ws_caric/devel/.private/rotors_comm/include/rotors_comm/RecordRosbagResponse.h, /home/dronesteam/ws_caric/devel/include/rotors_comm/RecordRosbagResponse.h)
Cleaning: (/home/dronesteam/ws_caric/devel/.private/rotors_comm/include/rotors_comm/BoolStamped.h, /home/dronesteam/ws_caric/devel/include/rotors_comm/BoolStamped.h)
Cleaning: (/home/dronesteam/ws_caric/devel/.private/rotors_comm/include/rotors_comm/WindSpeed.h, /home/dronesteam/ws_caric/devel/include/rotors_comm/WindSpeed.h)
Cleaning: (/home/dronesteam/ws_caric/devel/.private/rotors_comm/include/rotors_comm/RecordRosbag.h, /home/dronesteam/ws_caric/devel/include/rotors_comm/RecordRosbag.h)
Cleaning: (/home/dronesteam/ws_caric/devel/.private/rotors_comm/include/rotors_comm/PPComTopology.h, /home/dronesteam/ws_caric/devel/include/rotors_comm/PPComTopology.h)
Cleaning: (/home/dronesteam/ws_caric/devel/.private/rotors_comm/include/rotors_comm/OctomapResponse.h, /home/dronesteam/ws_caric/devel/include/rotors_comm/OctomapResponse.h)
Cleaning: (/home/dronesteam/ws_caric/devel/.private/rotors_comm/include/rotors_comm/RecordRosbagRequest.h, /home/dronesteam/ws_caric/devel/include/rotors_comm/RecordRosbagRequest.h)
Cleaning: (/home/dronesteam/ws_caric/devel/.private/rotors_comm/include/rotors_comm/Octomap.h, /home/dronesteam/ws_caric/devel/include/rotors_comm/Octomap.h)
Unlinking: /home/dronesteam/ws_caric/devel/share/common-lisp/ros/rotors_comm/srv/_package.lisp
Unlinking: /home/dronesteam/ws_caric/devel/share/common-lisp/ros/rotors_comm/srv/rotors_comm-srv.asd
Unlinking: /home/dronesteam/ws_caric/devel/share/common-lisp/ros/rotors_comm/srv/RecordRosbag.lisp
Unlinking: /home/dronesteam/ws_caric/devel/share/common-lisp/ros/rotors_comm/srv/_package_Octomap.lisp
Unlinking: /home/dronesteam/ws_caric/devel/share/common-lisp/ros/rotors_comm/srv/Octomap.lisp
Unlinking: /home/dronesteam/ws_caric/devel/share/common-lisp/ros/rotors_comm/srv/_package_RecordRosbag.lisp
Unlinking: /home/dronesteam/ws_caric/devel/share/common-lisp/ros/rotors_comm/msg/PPComTopology.lisp
Unlinking: /home/dronesteam/ws_caric/devel/share/common-lisp/ros/rotors_comm/msg/WindSpeed.lisp
Unlinking: /home/dronesteam/ws_caric/devel/share/common-lisp/ros/rotors_comm/msg/BoolStamped.lisp
Unlinking: /home/dronesteam/ws_caric/devel/share/common-lisp/ros/rotors_comm/msg/_package.lisp
Unlinking: /home/dronesteam/ws_caric/devel/share/common-lisp/ros/rotors_comm/msg/_package_BoolStamped.lisp
Unlinking: /home/dronesteam/ws_caric/devel/share/common-lisp/ros/rotors_comm/msg/_package_WindSpeed.lisp
Unlinking: /home/dronesteam/ws_caric/devel/share/common-lisp/ros/rotors_comm/msg/_package_PPComTopology.lisp
Unlinking: /home/dronesteam/ws_caric/devel/share/common-lisp/ros/rotors_comm/msg/rotors_comm-msg.asd
Unlinking: /home/dronesteam/ws_caric/devel/share/roseus/ros/rotors_comm/manifest.l
Unlinking: /home/dronesteam/ws_caric/devel/share/roseus/ros/rotors_comm/srv/RecordRosbag.l
Unlinking: /home/dronesteam/ws_caric/devel/share/roseus/ros/rotors_comm/srv/Octomap.l
Unlinking: /home/dronesteam/ws_caric/devel/share/roseus/ros/rotors_comm/msg/PPComTopology.l
Unlinking: /home/dronesteam/ws_caric/devel/share/roseus/ros/rotors_comm/msg/BoolStamped.l
Unlinking: /home/dronesteam/ws_caric/devel/share/roseus/ros/rotors_comm/msg/WindSpeed.l
Unlinking: /home/dronesteam/ws_caric/devel/share/gennodejs/ros/rotors_comm/_index.js
Unlinking: /home/dronesteam/ws_caric/devel/share/gennodejs/ros/rotors_comm/srv/Octomap.js
Unlinking: /home/dronesteam/ws_caric/devel/share/gennodejs/ros/rotors_comm/srv/_index.js
Unlinking: /home/dronesteam/ws_caric/devel/share/gennodejs/ros/rotors_comm/srv/RecordRosbag.js
Unlinking: /home/dronesteam/ws_caric/devel/share/gennodejs/ros/rotors_comm/msg/WindSpeed.js
Unlinking: /home/dronesteam/ws_caric/devel/share/gennodejs/ros/rotors_comm/msg/BoolStamped.js
Unlinking: /home/dronesteam/ws_caric/devel/share/gennodejs/ros/rotors_comm/msg/PPComTopology.js
Unlinking: /home/dronesteam/ws_caric/devel/share/gennodejs/ros/rotors_comm/msg/_index.js
Unlinking: /home/dronesteam/ws_caric/devel/share/rotors_comm/cmake/rotors_comm-msg-extras.cmake
Unlinking: /home/dronesteam/ws_caric/devel/share/rotors_comm/cmake/rotors_comm-msg-paths.cmake
Unlinking: /home/dronesteam/ws_caric/devel/share/rotors_comm/cmake/rotors_commConfig.cmake
Unlinking: /home/dronesteam/ws_caric/devel/share/rotors_comm/cmake/rotors_commConfig-version.cmake
Unlinking: /home/dronesteam/ws_caric/devel/lib/pkgconfig/rotors_comm.pc
Unlinking: /home/dronesteam/ws_caric/devel/lib/python3/dist-packages/rotors_comm/__init__.py
Unlinking: /home/dronesteam/ws_caric/devel/lib/python3/dist-packages/rotors_comm/srv/_Octomap.py
Unlinking: /home/dronesteam/ws_caric/devel/lib/python3/dist-packages/rotors_comm/srv/__init__.py
Unlinking: /home/dronesteam/ws_caric/devel/lib/python3/dist-packages/rotors_comm/srv/_RecordRosbag.py
Unlinking: /home/dronesteam/ws_caric/devel/lib/python3/dist-packages/rotors_comm/msg/_WindSpeed.py
Unlinking: /home/dronesteam/ws_caric/devel/lib/python3/dist-packages/rotors_comm/msg/__init__.py
Unlinking: /home/dronesteam/ws_caric/devel/lib/python3/dist-packages/rotors_comm/msg/_PPComTopology.py
Unlinking: /home/dronesteam/ws_caric/devel/lib/python3/dist-packages/rotors_comm/msg/_BoolStamped.py
Unlinking: /home/dronesteam/ws_caric/devel/include/rotors_comm/OctomapRequest.h
Unlinking: /home/dronesteam/ws_caric/devel/include/rotors_comm/RecordRosbagResponse.h
Unlinking: /home/dronesteam/ws_caric/devel/include/rotors_comm/BoolStamped.h
Unlinking: /home/dronesteam/ws_caric/devel/include/rotors_comm/WindSpeed.h
Unlinking: /home/dronesteam/ws_caric/devel/include/rotors_comm/RecordRosbag.h
Unlinking: /home/dronesteam/ws_caric/devel/include/rotors_comm/PPComTopology.h
Unlinking: /home/dronesteam/ws_caric/devel/include/rotors_comm/OctomapResponse.h
Unlinking: /home/dronesteam/ws_caric/devel/include/rotors_comm/RecordRosbagRequest.h
Unlinking: /home/dronesteam/ws_caric/devel/include/rotors_comm/Octomap.h
