[35m[1mScanning dependencies of target _rotors_comm_generate_messages_check_deps_Octomap[0m
[35m[1mScanning dependencies of target octomap_msgs_generate_messages_lisp[0m
[  0%] Built target octomap_msgs_generate_messages_lisp
[35m[1mScanning dependencies of target _rotors_comm_generate_messages_check_deps_PPComTopology[0m
[35m[1mScanning dependencies of target std_msgs_generate_messages_lisp[0m
[35m[1mScanning dependencies of target _rotors_comm_generate_messages_check_deps_RecordRosbag[0m
[  0%] Built target _rotors_comm_generate_messages_check_deps_Octomap
[  0%] Built target std_msgs_generate_messages_lisp
[35m[1mScanning dependencies of target geometry_msgs_generate_messages_lisp[0m
[35m[1mScanning dependencies of target _rotors_comm_generate_messages_check_deps_BoolStamped[0m
[  0%] Built target geometry_msgs_generate_messages_lisp
[35m[1mScanning dependencies of target nav_msgs_generate_messages_lisp[0m
[  0%] Built target _rotors_comm_generate_messages_check_deps_PPComTopology
[  0%] Built target nav_msgs_generate_messages_lisp
[35m[1mScanning dependencies of target _rotors_comm_generate_messages_check_deps_WindSpeed[0m
[  0%] Built target _rotors_comm_generate_messages_check_deps_RecordRosbag
[35m[1mScanning dependencies of target octomap_msgs_generate_messages_py[0m
[  0%] Built target _rotors_comm_generate_messages_check_deps_BoolStamped
[  0%] Built target octomap_msgs_generate_messages_py
[35m[1mScanning dependencies of target nav_msgs_generate_messages_py[0m
[  0%] Built target _rotors_comm_generate_messages_check_deps_WindSpeed
[  0%] Built target nav_msgs_generate_messages_py
[35m[1mScanning dependencies of target geometry_msgs_generate_messages_py[0m
[  0%] Built target geometry_msgs_generate_messages_py
[35m[1mScanning dependencies of target std_msgs_generate_messages_py[0m
[  0%] Built target std_msgs_generate_messages_py
[35m[1mScanning dependencies of target std_msgs_generate_messages_nodejs[0m
[  0%] Built target std_msgs_generate_messages_nodejs
[35m[1mScanning dependencies of target octomap_msgs_generate_messages_nodejs[0m
[  0%] Built target octomap_msgs_generate_messages_nodejs
[35m[1mScanning dependencies of target geometry_msgs_generate_messages_nodejs[0m
[  0%] Built target geometry_msgs_generate_messages_nodejs
[35m[1mScanning dependencies of target nav_msgs_generate_messages_nodejs[0m
[35m[1mScanning dependencies of target nav_msgs_generate_messages_eus[0m
[  0%] Built target nav_msgs_generate_messages_nodejs
[35m[1mScanning dependencies of target std_msgs_generate_messages_eus[0m
[  0%] Built target nav_msgs_generate_messages_eus
[  0%] Built target std_msgs_generate_messages_eus
[35m[1mScanning dependencies of target octomap_msgs_generate_messages_eus[0m
[  0%] Built target octomap_msgs_generate_messages_eus
[35m[1mScanning dependencies of target geometry_msgs_generate_messages_eus[0m
[35m[1mScanning dependencies of target octomap_msgs_generate_messages_cpp[0m
[35m[1mScanning dependencies of target geometry_msgs_generate_messages_cpp[0m
[35m[1mScanning dependencies of target std_msgs_generate_messages_cpp[0m
[  0%] Built target geometry_msgs_generate_messages_eus
[  0%] Built target geometry_msgs_generate_messages_cpp
[  0%] Built target octomap_msgs_generate_messages_cpp
[35m[1mScanning dependencies of target nav_msgs_generate_messages_cpp[0m
[  0%] Built target std_msgs_generate_messages_cpp
[35m[1mScanning dependencies of target rotors_comm_generate_messages_lisp[0m
[35m[1mScanning dependencies of target rotors_comm_generate_messages_py[0m
[  0%] Built target nav_msgs_generate_messages_cpp
[35m[1mScanning dependencies of target rotors_comm_generate_messages_nodejs[0m
[  3%] [34m[1mGenerating Lisp code from rotors_comm/WindSpeed.msg[0m
[  7%] [34m[1mGenerating Python from MSG rotors_comm/WindSpeed[0m
[35m[1mScanning dependencies of target rotors_comm_generate_messages_eus[0m
[ 10%] [34m[1mGenerating Lisp code from rotors_comm/PPComTopology.msg[0m
[ 14%] [34m[1mGenerating Javascript code from rotors_comm/WindSpeed.msg[0m
[ 17%] [34m[1mGenerating Lisp code from rotors_comm/BoolStamped.msg[0m
[ 21%] [34m[1mGenerating EusLisp code from rotors_comm/WindSpeed.msg[0m
[ 25%] [34m[1mGenerating Python from MSG rotors_comm/PPComTopology[0m
[ 28%] [34m[1mGenerating EusLisp code from rotors_comm/PPComTopology.msg[0m
[ 32%] [34m[1mGenerating Lisp code from rotors_comm/Octomap.srv[0m
[ 35%] [34m[1mGenerating Javascript code from rotors_comm/PPComTopology.msg[0m
[ 39%] [34m[1mGenerating Python from MSG rotors_comm/BoolStamped[0m
[ 42%] [34m[1mGenerating EusLisp code from rotors_comm/BoolStamped.msg[0m
[ 46%] [34m[1mGenerating Lisp code from rotors_comm/RecordRosbag.srv[0m
[ 50%] [34m[1mGenerating Javascript code from rotors_comm/BoolStamped.msg[0m
[35m[1mScanning dependencies of target rotors_comm_generate_messages_cpp[0m
[ 53%] [34m[1mGenerating Python code from SRV rotors_comm/Octomap[0m
[ 60%] [34m[1mGenerating C++ code from rotors_comm/WindSpeed.msg[0m
[ 60%] [34m[1mGenerating Javascript code from rotors_comm/RecordRosbag.srv[0m
[ 64%] [34m[1mGenerating Javascript code from rotors_comm/Octomap.srv[0m
[ 64%] Built target rotors_comm_generate_messages_lisp
[ 67%] [34m[1mGenerating C++ code from rotors_comm/PPComTopology.msg[0m
[ 71%] [34m[1mGenerating EusLisp code from rotors_comm/Octomap.srv[0m
[ 71%] Built target rotors_comm_generate_messages_nodejs
[ 75%] [34m[1mGenerating Python code from SRV rotors_comm/RecordRosbag[0m
[ 78%] [34m[1mGenerating C++ code from rotors_comm/BoolStamped.msg[0m
[ 82%] [34m[1mGenerating EusLisp code from rotors_comm/RecordRosbag.srv[0m
[ 85%] [34m[1mGenerating C++ code from rotors_comm/Octomap.srv[0m
[ 89%] [34m[1mGenerating C++ code from rotors_comm/RecordRosbag.srv[0m
[ 92%] [34m[1mGenerating EusLisp manifest code for rotors_comm[0m
[ 96%] [34m[1mGenerating Python msg __init__.py for rotors_comm[0m
[ 96%] Built target rotors_comm_generate_messages_cpp
[100%] [34m[1mGenerating Python srv __init__.py for rotors_comm[0m
[100%] Built target rotors_comm_generate_messages_py
[100%] Built target rotors_comm_generate_messages_eus
[35m[1mScanning dependencies of target rotors_comm_generate_messages[0m
[100%] Built target rotors_comm_generate_messages
