[  0%] Built target octomap_msgs_generate_messages_lisp
[  0%] Built target std_msgs_generate_messages_lisp
[  0%] Built target geometry_msgs_generate_messages_lisp
[  0%] Built target _rotors_comm_generate_messages_check_deps_Octomap
[  0%] Built target _rotors_comm_generate_messages_check_deps_PPComTopology
[  0%] Built target nav_msgs_generate_messages_lisp
[  0%] Built target _rotors_comm_generate_messages_check_deps_RecordRosbag
[  0%] Built target octomap_msgs_generate_messages_py
[  0%] Built target nav_msgs_generate_messages_py
[  0%] Built target _rotors_comm_generate_messages_check_deps_WindSpeed
[  0%] Built target _rotors_comm_generate_messages_check_deps_BoolStamped
[  0%] Built target geometry_msgs_generate_messages_py
[  0%] Built target std_msgs_generate_messages_py
[  0%] Built target std_msgs_generate_messages_nodejs
[  0%] Built target octomap_msgs_generate_messages_nodejs
[  0%] Built target geometry_msgs_generate_messages_nodejs
[  0%] Built target nav_msgs_generate_messages_nodejs
[  0%] Built target nav_msgs_generate_messages_eus
[  0%] Built target std_msgs_generate_messages_eus
[  0%] Built target octomap_msgs_generate_messages_eus
[  0%] Built target geometry_msgs_generate_messages_eus
[  0%] Built target octomap_msgs_generate_messages_cpp
[  0%] Built target std_msgs_generate_messages_cpp
[  0%] Built target geometry_msgs_generate_messages_cpp
[  0%] Built target nav_msgs_generate_messages_cpp
[ 17%] Built target rotors_comm_generate_messages_lisp
[ 42%] Built target rotors_comm_generate_messages_py
[ 82%] Built target rotors_comm_generate_messages_nodejs
[ 82%] Built target rotors_comm_generate_messages_eus
[100%] Built target rotors_comm_generate_messages_cpp
[100%] Built target rotors_comm_generate_messages
